  [1m[35m (977.2ms)[0m  [1m[35mCREATE DATABASE "ninety_nine_cats_development" ENCODING = 'unicode'[0m
  ↳ bin/rails:9
  [1m[35m (249.5ms)[0m  [1m[35mCREATE DATABASE "ninety_nine_cats_test" ENCODING = 'unicode'[0m
  ↳ bin/rails:9
  [1m[35m (351.1ms)[0m  [1m[35mCREATE TABLE "schema_migrations" ("version" character varying NOT NULL PRIMARY KEY)[0m
  ↳ bin/rails:9
  [1m[35m (37.1ms)[0m  [1m[35mCREATE TABLE "ar_internal_metadata" ("key" character varying NOT NULL PRIMARY KEY, "value" character varying, "created_at" timestamp NOT NULL, "updated_at" timestamp NOT NULL)[0m
  ↳ bin/rails:9
  [1m[35m (0.9ms)[0m  [1m[34mSELECT pg_try_advisory_lock(723150122408807205)[0m
  ↳ bin/rails:9
  [1m[35m (14.5ms)[0m  [1m[34mSELECT "schema_migrations"."version" FROM "schema_migrations" ORDER BY "schema_migrations"."version" ASC[0m
  ↳ bin/rails:9
Migrating to CreateCats (20190903160216)
  [1m[35m (33.5ms)[0m  [1m[35mBEGIN[0m
  ↳ bin/rails:9
  [1m[35m (63.6ms)[0m  [1m[35mCREATE TABLE "cats" ("id" bigserial primary key, "birth_date" date NOT NULL, "color" character varying NOT NULL, "name" character varying NOT NULL, "sex" character varying(1) NOT NULL, "description" text NOT NULL, "created_at" timestamp NOT NULL, "updated_at" timestamp NOT NULL)[0m
  ↳ db/migrate/20190903160216_create_cats.rb:3
  [1m[36mActiveRecord::SchemaMigration Create (61.2ms)[0m  [1m[32mINSERT INTO "schema_migrations" ("version") VALUES ($1) RETURNING "version"[0m  [["version", "20190903160216"]]
  ↳ bin/rails:9
  [1m[35m (0.8ms)[0m  [1m[35mCOMMIT[0m
  ↳ bin/rails:9
  [1m[36mActiveRecord::InternalMetadata Load (0.8ms)[0m  [1m[34mSELECT  "ar_internal_metadata".* FROM "ar_internal_metadata" WHERE "ar_internal_metadata"."key" = $1 LIMIT $2[0m  [["key", "environment"], ["LIMIT", 1]]
  ↳ bin/rails:9
  [1m[35m (0.2ms)[0m  [1m[35mBEGIN[0m
  ↳ bin/rails:9
  [1m[36mActiveRecord::InternalMetadata Create (39.1ms)[0m  [1m[32mINSERT INTO "ar_internal_metadata" ("key", "value", "created_at", "updated_at") VALUES ($1, $2, $3, $4) RETURNING "key"[0m  [["key", "environment"], ["value", "development"], ["created_at", "2019-09-03 16:08:44.179741"], ["updated_at", "2019-09-03 16:08:44.179741"]]
  ↳ bin/rails:9
  [1m[35m (0.7ms)[0m  [1m[35mCOMMIT[0m
  ↳ bin/rails:9
  [1m[35m (0.4ms)[0m  [1m[34mSELECT pg_advisory_unlock(723150122408807205)[0m
  ↳ bin/rails:9
  [1m[35m (2.1ms)[0m  [1m[34mSELECT "schema_migrations"."version" FROM "schema_migrations" ORDER BY "schema_migrations"."version" ASC[0m
  ↳ bin/rails:9
  [1m[35m (1.0ms)[0m  [1m[34mSELECT "schema_migrations"."version" FROM "schema_migrations" ORDER BY "schema_migrations"."version" ASC[0m
  ↳ /Users/aa/.rbenv/versions/2.5.1/bin/annotate:23
Started GET "/" for ::1 at 2019-09-03 13:37:41 -0400
  [1m[35m (1.2ms)[0m  [1m[34mSELECT "schema_migrations"."version" FROM "schema_migrations" ORDER BY "schema_migrations"."version" ASC[0m
  ↳ /Users/aa/.rbenv/versions/2.5.1/lib/ruby/gems/2.5.0/gems/activerecord-5.2.3/lib/active_record/log_subscriber.rb:98
Processing by Rails::WelcomeController#index as HTML
  Rendering /Users/aa/.rbenv/versions/2.5.1/lib/ruby/gems/2.5.0/gems/railties-5.2.3/lib/rails/templates/rails/welcome/index.html.erb
  Rendered /Users/aa/.rbenv/versions/2.5.1/lib/ruby/gems/2.5.0/gems/railties-5.2.3/lib/rails/templates/rails/welcome/index.html.erb (4.5ms)
Completed 200 OK in 68ms (Views: 28.8ms | ActiveRecord: 0.0ms)


Started GET "/cats" for ::1 at 2019-09-03 13:38:44 -0400
Processing by CatsController#index as HTML
  [1m[36mCat Load (1.1ms)[0m  [1m[34mSELECT  "cats".* FROM "cats" LIMIT $1[0m  [["LIMIT", 11]]
  ↳ /Users/aa/.rbenv/versions/2.5.1/lib/ruby/gems/2.5.0/gems/activerecord-5.2.3/lib/active_record/log_subscriber.rb:98
  [1m[36mCACHE Cat Load (0.0ms)[0m  [1m[34mSELECT  "cats".* FROM "cats" LIMIT $1[0m  [["LIMIT", 11]]
  ↳ /Users/aa/.rbenv/versions/2.5.1/lib/ruby/gems/2.5.0/gems/activerecord-5.2.3/lib/active_record/log_subscriber.rb:98
Completed 500 Internal Server Error in 402ms (ActiveRecord: 0.0ms)


  [1m[36mCACHE Cat Load (0.0ms)[0m  [1m[34mSELECT  "cats".* FROM "cats" LIMIT $1[0m  [["LIMIT", 11]]
  ↳ /Users/aa/.rbenv/versions/2.5.1/lib/ruby/gems/2.5.0/gems/activerecord-5.2.3/lib/active_record/log_subscriber.rb:98

NameError - undefined local variable or method `cats' for #<CatsController:0x00007f83460abce0>
Did you mean?  @cats:
  app/controllers/cats_controller.rb:4:in `index'

Started POST "/__better_errors/e7adedca31ee4de4/variables" for ::1 at 2019-09-03 13:38:45 -0400
  [1m[36mCat Load (0.3ms)[0m  [1m[34mSELECT  "cats".* FROM "cats" LIMIT $1[0m  [["LIMIT", 11]]
  ↳ /Users/aa/.rbenv/versions/2.5.1/lib/ruby/gems/2.5.0/gems/activerecord-5.2.3/lib/active_record/log_subscriber.rb:98
  [1m[36mCACHE Cat Load (0.0ms)[0m  [1m[34mSELECT  "cats".* FROM "cats" LIMIT $1[0m  [["LIMIT", 11]]
  ↳ /Users/aa/.rbenv/versions/2.5.1/lib/ruby/gems/2.5.0/gems/activerecord-5.2.3/lib/active_record/log_subscriber.rb:98
  [1m[36mCACHE Cat Load (0.0ms)[0m  [1m[34mSELECT  "cats".* FROM "cats" LIMIT $1[0m  [["LIMIT", 11]]
  ↳ /Users/aa/.rbenv/versions/2.5.1/lib/ruby/gems/2.5.0/gems/activerecord-5.2.3/lib/active_record/log_subscriber.rb:98
  [1m[36mCACHE Cat Load (0.0ms)[0m  [1m[34mSELECT  "cats".* FROM "cats" LIMIT $1[0m  [["LIMIT", 11]]
  ↳ /Users/aa/.rbenv/versions/2.5.1/lib/ruby/gems/2.5.0/gems/activerecord-5.2.3/lib/active_record/log_subscriber.rb:98
  [1m[36mCACHE Cat Load (0.0ms)[0m  [1m[34mSELECT  "cats".* FROM "cats" LIMIT $1[0m  [["LIMIT", 11]]
  ↳ /Users/aa/.rbenv/versions/2.5.1/lib/ruby/gems/2.5.0/gems/activerecord-5.2.3/lib/active_record/log_subscriber.rb:98
  [1m[36mCACHE Cat Load (0.0ms)[0m  [1m[34mSELECT  "cats".* FROM "cats" LIMIT $1[0m  [["LIMIT", 11]]
  ↳ /Users/aa/.rbenv/versions/2.5.1/lib/ruby/gems/2.5.0/gems/activerecord-5.2.3/lib/active_record/log_subscriber.rb:98
  [1m[36mCACHE Cat Load (0.0ms)[0m  [1m[34mSELECT  "cats".* FROM "cats" LIMIT $1[0m  [["LIMIT", 11]]
  ↳ /Users/aa/.rbenv/versions/2.5.1/lib/ruby/gems/2.5.0/gems/activerecord-5.2.3/lib/active_record/log_subscriber.rb:98
Started GET "/cats" for ::1 at 2019-09-03 13:39:06 -0400
Processing by CatsController#index as HTML
  [1m[36mCat Load (0.6ms)[0m  [1m[34mSELECT "cats".* FROM "cats"[0m
  ↳ app/controllers/cats_controller.rb:4
Completed 200 OK in 17ms (Views: 2.1ms | ActiveRecord: 4.0ms)


Started GET "/cats" for ::1 at 2019-09-03 14:39:01 -0400

SyntaxError - syntax error, unexpected end-of-input, expecting keyword_end:
  app/controllers/cats_controller.rb:44:in `'

Started POST "/__better_errors/cba4e6d354c75907/variables" for ::1 at 2019-09-03 14:39:02 -0400
Started GET "/cats" for ::1 at 2019-09-03 14:39:58 -0400
  [1m[35m (23.4ms)[0m  [1m[34mSELECT "schema_migrations"."version" FROM "schema_migrations" ORDER BY "schema_migrations"."version" ASC[0m
  ↳ /Users/aa/.rbenv/versions/2.5.1/lib/ruby/gems/2.5.0/gems/activerecord-5.2.3/lib/active_record/log_subscriber.rb:98

SyntaxError - syntax error, unexpected end-of-input, expecting keyword_end:
  app/controllers/cats_controller.rb:44:in `'

Started POST "/__better_errors/2489fd1e0f846490/variables" for ::1 at 2019-09-03 14:39:58 -0400
Started GET "/cats" for ::1 at 2019-09-03 14:40:20 -0400
Processing by CatsController#index as HTML
  Rendering cats/index.html.erb within layouts/application
  Rendered cats/index.html.erb within layouts/application (1.7ms)
Completed 500 Internal Server Error in 71ms (ActiveRecord: 0.0ms)



SyntaxError - syntax error, unexpected end-of-input, expecting keyword_end
          end
             ^:
  app/views/cats/index.html.erb:13:in `'
  app/controllers/cats_controller.rb:4:in `index'

Started POST "/__better_errors/bb01284e5e3174e6/variables" for ::1 at 2019-09-03 14:40:20 -0400
Started GET "/cats" for ::1 at 2019-09-03 14:43:14 -0400
Processing by CatsController#index as HTML
  Rendering cats/index.html.erb within layouts/application
  [1m[36mCat Load (0.9ms)[0m  [1m[34mSELECT "cats".* FROM "cats"[0m
  ↳ app/views/cats/index.html.erb:3
  Rendered cats/index.html.erb within layouts/application (29.8ms)
Completed 200 OK in 575ms (Views: 570.2ms | ActiveRecord: 4.3ms)


Started GET "/cats/new" for ::1 at 2019-09-03 14:43:35 -0400
Processing by CatsController#new as HTML
  Rendering cats/new.html.erb within layouts/application
  Rendered cats/new.html.erb within layouts/application (0.7ms)
Completed 200 OK in 37ms (Views: 35.9ms | ActiveRecord: 0.0ms)


Started GET "/cats/new" for ::1 at 2019-09-03 14:46:16 -0400
Processing by CatsController#new as HTML
  Rendering cats/new.html.erb within layouts/application
  Rendered cats/new.html.erb within layouts/application (3.6ms)
Completed 200 OK in 244ms (Views: 234.8ms | ActiveRecord: 0.0ms)


Started GET "/cats/new" for ::1 at 2019-09-03 14:46:47 -0400
Processing by CatsController#new as HTML
  Rendering cats/new.html.erb within layouts/application
  Rendered cats/new.html.erb within layouts/application (1.1ms)
Completed 200 OK in 244ms (Views: 243.6ms | ActiveRecord: 0.0ms)


Started POST "/cats" for ::1 at 2019-09-03 14:47:41 -0400
Processing by CatsController#create as HTML
  Parameters: {"cat"=>{"name"=>"Smokey", "sex"=>"F", "color"=>"Blue", "birth_date"=>"2018-10-01", "description"=>"The best dang cat ever! A little grumpy though."}}
  [1m[35m (0.2ms)[0m  [1m[35mBEGIN[0m
  ↳ app/controllers/cats_controller.rb:18
  [1m[35m (36.7ms)[0m  [1m[31mROLLBACK[0m
  ↳ app/controllers/cats_controller.rb:18
Completed 422 Unprocessable Entity in 356ms (Views: 0.4ms | ActiveRecord: 46.0ms)


Started GET "/cats" for ::1 at 2019-09-03 14:47:53 -0400
Processing by CatsController#index as HTML
  Rendering cats/index.html.erb within layouts/application
  [1m[36mCat Load (0.9ms)[0m  [1m[34mSELECT "cats".* FROM "cats"[0m
  ↳ app/views/cats/index.html.erb:3
  Rendered cats/index.html.erb within layouts/application (3.4ms)
Completed 200 OK in 181ms (Views: 178.6ms | ActiveRecord: 0.9ms)


Started GET "/cats/new" for ::1 at 2019-09-03 14:49:01 -0400
Processing by CatsController#new as HTML
  Rendering cats/new.html.erb within layouts/application
  Rendered cats/new.html.erb within layouts/application (1.0ms)
Completed 200 OK in 130ms (Views: 129.7ms | ActiveRecord: 0.0ms)


Started POST "/cats" for ::1 at 2019-09-03 14:49:16 -0400
Processing by CatsController#create as HTML
  Parameters: {"cat"=>{"name"=>"Smokey", "sex"=>"F", "color"=>"Blue", "birth_date"=>"2019-09-10", "description"=>"The best dang cat ever! A little grumpy though."}}
  [1m[35m (0.2ms)[0m  [1m[35mBEGIN[0m
  ↳ app/controllers/cats_controller.rb:18
  [1m[35m (0.3ms)[0m  [1m[31mROLLBACK[0m
  ↳ app/controllers/cats_controller.rb:18
Completed 422 Unprocessable Entity in 6ms (Views: 0.3ms | ActiveRecord: 0.5ms)


Started POST "/cats" for ::1 at 2019-09-03 14:50:27 -0400
Processing by CatsController#create as HTML
  Parameters: {"cat"=>{"name"=>"Smokey", "sex"=>"F", "color"=>"Blue", "birth_date"=>"2019-09-10", "description"=>"The best dang cat ever! A little grumpy though."}}
  [1m[35m (0.2ms)[0m  [1m[35mBEGIN[0m
  ↳ app/controllers/cats_controller.rb:18
  [1m[36mCat Create (31.7ms)[0m  [1m[32mINSERT INTO "cats" ("birth_date", "color", "name", "sex", "description", "created_at", "updated_at") VALUES ($1, $2, $3, $4, $5, $6, $7) RETURNING "id"[0m  [["birth_date", "2019-09-10"], ["color", "Blue"], ["name", "Smokey"], ["sex", "F"], ["description", "The best dang cat ever! A little grumpy though."], ["created_at", "2019-09-03 18:50:28.081055"], ["updated_at", "2019-09-03 18:50:28.081055"]]
  ↳ app/controllers/cats_controller.rb:18
  [1m[35m (25.7ms)[0m  [1m[35mCOMMIT[0m
  ↳ app/controllers/cats_controller.rb:18
Redirected to http://localhost:3000/cats/1
Completed 302 Found in 109ms (ActiveRecord: 68.4ms)


Started GET "/cats/1" for ::1 at 2019-09-03 14:50:28 -0400
Processing by CatsController#show as HTML
  Parameters: {"id"=>"1"}
  [1m[36mCat Load (0.7ms)[0m  [1m[34mSELECT  "cats".* FROM "cats" WHERE "cats"."id" = $1 LIMIT $2[0m  [["id", 1], ["LIMIT", 1]]
  ↳ app/controllers/cats_controller.rb:8
  Rendering cats/show.html.erb within layouts/application
  Rendered cats/show.html.erb within layouts/application (0.6ms)
Completed 200 OK in 128ms (Views: 88.2ms | ActiveRecord: 1.0ms)


Started GET "/cats/1/edit" for ::1 at 2019-09-03 14:53:27 -0400
Processing by CatsController#edit as HTML
  Parameters: {"id"=>"1"}
  Rendering cats/edit.html.erb within layouts/application
  Rendered cats/edit.html.erb within layouts/application (63.0ms)
Completed 500 Internal Server Error in 147ms (ActiveRecord: 0.0ms)



ActionController::UrlGenerationError - No route matches {:action=>"show", :controller=>"cats", :id=>nil}, missing required keys: [:id]:
  app/views/cats/edit.html.erb:2:in `_app_views_cats_edit_html_erb__3871069971880245702_70337850530900'
  app/controllers/cats_controller.rb:26:in `edit'

Started POST "/__better_errors/309d664bd72ebf43/variables" for ::1 at 2019-09-03 14:53:27 -0400
Started GET "/cats/1/edit" for ::1 at 2019-09-03 14:53:56 -0400
Processing by CatsController#edit as HTML
  Parameters: {"id"=>"1"}
  Rendering cats/edit.html.erb within layouts/application
  Rendered cats/edit.html.erb within layouts/application (4.0ms)
Completed 500 Internal Server Error in 12ms (ActiveRecord: 0.0ms)



ActionController::UrlGenerationError - No route matches {:action=>"show", :controller=>"cats", :id=>nil}, missing required keys: [:id]:
  app/views/cats/edit.html.erb:2:in `_app_views_cats_edit_html_erb__3871069971880245702_70337885143220'
  app/controllers/cats_controller.rb:26:in `edit'

Started POST "/__better_errors/b82dd0896d6a7427/variables" for ::1 at 2019-09-03 14:53:57 -0400
Started POST "/__better_errors/b82dd0896d6a7427/variables" for ::1 at 2019-09-03 14:53:59 -0400
Started GET "/cats/1/edit" for ::1 at 2019-09-03 14:54:25 -0400
Processing by CatsController#edit as HTML
  Parameters: {"id"=>"1"}
  Rendering cats/edit.html.erb within layouts/application
  Rendered cats/edit.html.erb within layouts/application (1.0ms)
Completed 200 OK in 187ms (Views: 186.8ms | ActiveRecord: 0.0ms)


Started GET "/cats/1/edit" for ::1 at 2019-09-03 14:56:10 -0400
Processing by CatsController#edit as HTML
  Parameters: {"id"=>"1"}
  Rendering cats/edit.html.erb within layouts/application
  Rendered cats/edit.html.erb within layouts/application (4.5ms)
Completed 500 Internal Server Error in 66ms (ActiveRecord: 0.0ms)



NoMethodError - undefined method `name' for nil:NilClass:
  app/views/cats/edit.html.erb:6:in `_app_views_cats_edit_html_erb__3871069971880245702_70337851146160'
  app/controllers/cats_controller.rb:26:in `edit'

Started POST "/__better_errors/f0ae19bb02546369/variables" for ::1 at 2019-09-03 14:56:11 -0400
Started GET "/cat" for ::1 at 2019-09-03 14:58:59 -0400
  
ActionController::RoutingError (No route matches [GET] "/cat"):
  
actionpack (5.2.3) lib/action_dispatch/middleware/debug_exceptions.rb:65:in `call'
web-console (3.7.0) lib/web_console/middleware.rb:135:in `call_app'
web-console (3.7.0) lib/web_console/middleware.rb:30:in `block in call'
web-console (3.7.0) lib/web_console/middleware.rb:20:in `catch'
web-console (3.7.0) lib/web_console/middleware.rb:20:in `call'
actionpack (5.2.3) lib/action_dispatch/middleware/show_exceptions.rb:33:in `call'
railties (5.2.3) lib/rails/rack/logger.rb:38:in `call_app'
railties (5.2.3) lib/rails/rack/logger.rb:26:in `block in call'
activesupport (5.2.3) lib/active_support/tagged_logging.rb:71:in `block in tagged'
activesupport (5.2.3) lib/active_support/tagged_logging.rb:28:in `tagged'
activesupport (5.2.3) lib/active_support/tagged_logging.rb:71:in `tagged'
railties (5.2.3) lib/rails/rack/logger.rb:26:in `call'
sprockets-rails (3.2.1) lib/sprockets/rails/quiet_assets.rb:13:in `call'
actionpack (5.2.3) lib/action_dispatch/middleware/remote_ip.rb:81:in `call'
actionpack (5.2.3) lib/action_dispatch/middleware/request_id.rb:27:in `call'
rack (2.0.7) lib/rack/method_override.rb:22:in `call'
rack (2.0.7) lib/rack/runtime.rb:22:in `call'
activesupport (5.2.3) lib/active_support/cache/strategy/local_cache_middleware.rb:29:in `call'
actionpack (5.2.3) lib/action_dispatch/middleware/executor.rb:14:in `call'
actionpack (5.2.3) lib/action_dispatch/middleware/static.rb:127:in `call'
rack (2.0.7) lib/rack/sendfile.rb:111:in `call'
railties (5.2.3) lib/rails/engine.rb:524:in `call'
puma (3.12.1) lib/puma/configuration.rb:227:in `call'
puma (3.12.1) lib/puma/server.rb:660:in `handle_request'
puma (3.12.1) lib/puma/server.rb:474:in `process_client'
puma (3.12.1) lib/puma/server.rb:334:in `block in run'
puma (3.12.1) lib/puma/thread_pool.rb:135:in `block in spawn_thread'
Started GET "/cats" for ::1 at 2019-09-03 14:59:03 -0400
Processing by CatsController#index as HTML
  Rendering cats/index.html.erb within layouts/application
  [1m[36mCat Load (0.5ms)[0m  [1m[34mSELECT "cats".* FROM "cats"[0m
  ↳ app/views/cats/index.html.erb:3
  Rendered cats/index.html.erb within layouts/application (22.3ms)
Completed 200 OK in 147ms (Views: 111.6ms | ActiveRecord: 8.0ms)


Started GET "/cat_url(cat)" for ::1 at 2019-09-03 14:59:05 -0400
  
ActionController::RoutingError (No route matches [GET] "/cat_url(cat)"):
  
actionpack (5.2.3) lib/action_dispatch/middleware/debug_exceptions.rb:65:in `call'
web-console (3.7.0) lib/web_console/middleware.rb:135:in `call_app'
web-console (3.7.0) lib/web_console/middleware.rb:30:in `block in call'
web-console (3.7.0) lib/web_console/middleware.rb:20:in `catch'
web-console (3.7.0) lib/web_console/middleware.rb:20:in `call'
actionpack (5.2.3) lib/action_dispatch/middleware/show_exceptions.rb:33:in `call'
railties (5.2.3) lib/rails/rack/logger.rb:38:in `call_app'
railties (5.2.3) lib/rails/rack/logger.rb:26:in `block in call'
activesupport (5.2.3) lib/active_support/tagged_logging.rb:71:in `block in tagged'
activesupport (5.2.3) lib/active_support/tagged_logging.rb:28:in `tagged'
activesupport (5.2.3) lib/active_support/tagged_logging.rb:71:in `tagged'
railties (5.2.3) lib/rails/rack/logger.rb:26:in `call'
sprockets-rails (3.2.1) lib/sprockets/rails/quiet_assets.rb:13:in `call'
actionpack (5.2.3) lib/action_dispatch/middleware/remote_ip.rb:81:in `call'
actionpack (5.2.3) lib/action_dispatch/middleware/request_id.rb:27:in `call'
rack (2.0.7) lib/rack/method_override.rb:22:in `call'
rack (2.0.7) lib/rack/runtime.rb:22:in `call'
activesupport (5.2.3) lib/active_support/cache/strategy/local_cache_middleware.rb:29:in `call'
actionpack (5.2.3) lib/action_dispatch/middleware/executor.rb:14:in `call'
actionpack (5.2.3) lib/action_dispatch/middleware/static.rb:127:in `call'
rack (2.0.7) lib/rack/sendfile.rb:111:in `call'
railties (5.2.3) lib/rails/engine.rb:524:in `call'
puma (3.12.1) lib/puma/configuration.rb:227:in `call'
puma (3.12.1) lib/puma/server.rb:660:in `handle_request'
puma (3.12.1) lib/puma/server.rb:474:in `process_client'
puma (3.12.1) lib/puma/server.rb:334:in `block in run'
puma (3.12.1) lib/puma/thread_pool.rb:135:in `block in spawn_thread'
Started GET "/cats" for ::1 at 2019-09-03 15:00:19 -0400
Processing by CatsController#index as HTML
  Rendering cats/index.html.erb within layouts/application
  [1m[36mCat Load (1.0ms)[0m  [1m[34mSELECT "cats".* FROM "cats"[0m
  ↳ app/views/cats/index.html.erb:3
  Rendered cats/index.html.erb within layouts/application (3.2ms)
Completed 200 OK in 204ms (Views: 202.7ms | ActiveRecord: 1.0ms)


Started GET "/cat_url(cat)" for ::1 at 2019-09-03 15:00:34 -0400
  
ActionController::RoutingError (No route matches [GET] "/cat_url(cat)"):
  
actionpack (5.2.3) lib/action_dispatch/middleware/debug_exceptions.rb:65:in `call'
web-console (3.7.0) lib/web_console/middleware.rb:135:in `call_app'
web-console (3.7.0) lib/web_console/middleware.rb:30:in `block in call'
web-console (3.7.0) lib/web_console/middleware.rb:20:in `catch'
web-console (3.7.0) lib/web_console/middleware.rb:20:in `call'
actionpack (5.2.3) lib/action_dispatch/middleware/show_exceptions.rb:33:in `call'
railties (5.2.3) lib/rails/rack/logger.rb:38:in `call_app'
railties (5.2.3) lib/rails/rack/logger.rb:26:in `block in call'
activesupport (5.2.3) lib/active_support/tagged_logging.rb:71:in `block in tagged'
activesupport (5.2.3) lib/active_support/tagged_logging.rb:28:in `tagged'
activesupport (5.2.3) lib/active_support/tagged_logging.rb:71:in `tagged'
railties (5.2.3) lib/rails/rack/logger.rb:26:in `call'
sprockets-rails (3.2.1) lib/sprockets/rails/quiet_assets.rb:13:in `call'
actionpack (5.2.3) lib/action_dispatch/middleware/remote_ip.rb:81:in `call'
actionpack (5.2.3) lib/action_dispatch/middleware/request_id.rb:27:in `call'
rack (2.0.7) lib/rack/method_override.rb:22:in `call'
rack (2.0.7) lib/rack/runtime.rb:22:in `call'
activesupport (5.2.3) lib/active_support/cache/strategy/local_cache_middleware.rb:29:in `call'
actionpack (5.2.3) lib/action_dispatch/middleware/executor.rb:14:in `call'
actionpack (5.2.3) lib/action_dispatch/middleware/static.rb:127:in `call'
rack (2.0.7) lib/rack/sendfile.rb:111:in `call'
railties (5.2.3) lib/rails/engine.rb:524:in `call'
puma (3.12.1) lib/puma/configuration.rb:227:in `call'
puma (3.12.1) lib/puma/server.rb:660:in `handle_request'
puma (3.12.1) lib/puma/server.rb:474:in `process_client'
puma (3.12.1) lib/puma/server.rb:334:in `block in run'
puma (3.12.1) lib/puma/thread_pool.rb:135:in `block in spawn_thread'
Started GET "/cats" for ::1 at 2019-09-03 15:00:40 -0400
Processing by CatsController#index as HTML
  Rendering cats/index.html.erb within layouts/application
  [1m[36mCat Load (0.4ms)[0m  [1m[34mSELECT "cats".* FROM "cats"[0m
  ↳ app/views/cats/index.html.erb:3
  Rendered cats/index.html.erb within layouts/application (1.6ms)
Completed 200 OK in 27ms (Views: 25.8ms | ActiveRecord: 0.4ms)


Started GET "/cat_url(cat)" for ::1 at 2019-09-03 15:01:59 -0400
  
ActionController::RoutingError (No route matches [GET] "/cat_url(cat)"):
  
actionpack (5.2.3) lib/action_dispatch/middleware/debug_exceptions.rb:65:in `call'
web-console (3.7.0) lib/web_console/middleware.rb:135:in `call_app'
web-console (3.7.0) lib/web_console/middleware.rb:30:in `block in call'
web-console (3.7.0) lib/web_console/middleware.rb:20:in `catch'
web-console (3.7.0) lib/web_console/middleware.rb:20:in `call'
actionpack (5.2.3) lib/action_dispatch/middleware/show_exceptions.rb:33:in `call'
railties (5.2.3) lib/rails/rack/logger.rb:38:in `call_app'
railties (5.2.3) lib/rails/rack/logger.rb:26:in `block in call'
activesupport (5.2.3) lib/active_support/tagged_logging.rb:71:in `block in tagged'
activesupport (5.2.3) lib/active_support/tagged_logging.rb:28:in `tagged'
activesupport (5.2.3) lib/active_support/tagged_logging.rb:71:in `tagged'
railties (5.2.3) lib/rails/rack/logger.rb:26:in `call'
sprockets-rails (3.2.1) lib/sprockets/rails/quiet_assets.rb:13:in `call'
actionpack (5.2.3) lib/action_dispatch/middleware/remote_ip.rb:81:in `call'
actionpack (5.2.3) lib/action_dispatch/middleware/request_id.rb:27:in `call'
rack (2.0.7) lib/rack/method_override.rb:22:in `call'
rack (2.0.7) lib/rack/runtime.rb:22:in `call'
activesupport (5.2.3) lib/active_support/cache/strategy/local_cache_middleware.rb:29:in `call'
actionpack (5.2.3) lib/action_dispatch/middleware/executor.rb:14:in `call'
actionpack (5.2.3) lib/action_dispatch/middleware/static.rb:127:in `call'
rack (2.0.7) lib/rack/sendfile.rb:111:in `call'
railties (5.2.3) lib/rails/engine.rb:524:in `call'
puma (3.12.1) lib/puma/configuration.rb:227:in `call'
puma (3.12.1) lib/puma/server.rb:660:in `handle_request'
puma (3.12.1) lib/puma/server.rb:474:in `process_client'
puma (3.12.1) lib/puma/server.rb:334:in `block in run'
puma (3.12.1) lib/puma/thread_pool.rb:135:in `block in spawn_thread'
Started GET "/cats" for ::1 at 2019-09-03 15:02:54 -0400
Processing by CatsController#index as HTML
  Rendering cats/index.html.erb within layouts/application
  [1m[36mCat Load (0.5ms)[0m  [1m[34mSELECT "cats".* FROM "cats"[0m
  ↳ app/views/cats/index.html.erb:3
  Rendered cats/index.html.erb within layouts/application (2.9ms)
Completed 200 OK in 35ms (Views: 33.6ms | ActiveRecord: 0.5ms)


Started GET "/cats" for ::1 at 2019-09-03 15:02:56 -0400
Processing by CatsController#index as HTML
  Rendering cats/index.html.erb within layouts/application
  [1m[36mCat Load (0.5ms)[0m  [1m[34mSELECT "cats".* FROM "cats"[0m
  ↳ app/views/cats/index.html.erb:3
  Rendered cats/index.html.erb within layouts/application (2.0ms)
Completed 200 OK in 25ms (Views: 23.9ms | ActiveRecord: 0.5ms)


Started GET "/cats/1" for ::1 at 2019-09-03 15:02:57 -0400
Processing by CatsController#show as HTML
  Parameters: {"id"=>"1"}
  [1m[36mCat Load (1.0ms)[0m  [1m[34mSELECT  "cats".* FROM "cats" WHERE "cats"."id" = $1 LIMIT $2[0m  [["id", 1], ["LIMIT", 1]]
  ↳ app/controllers/cats_controller.rb:8
  Rendering cats/show.html.erb within layouts/application
  Rendered cats/show.html.erb within layouts/application (0.7ms)
Completed 200 OK in 25ms (Views: 21.6ms | ActiveRecord: 1.0ms)


Started GET "/cats/1" for ::1 at 2019-09-03 15:03:26 -0400
Processing by CatsController#show as HTML
  Parameters: {"id"=>"1"}
  [1m[36mCat Load (0.6ms)[0m  [1m[34mSELECT  "cats".* FROM "cats" WHERE "cats"."id" = $1 LIMIT $2[0m  [["id", 1], ["LIMIT", 1]]
  ↳ app/controllers/cats_controller.rb:8
  Rendering cats/show.html.erb within layouts/application
  Rendered cats/show.html.erb within layouts/application (0.6ms)
Completed 200 OK in 28ms (Views: 25.9ms | ActiveRecord: 0.6ms)


Started GET "/cats/1/edit" for ::1 at 2019-09-03 15:03:40 -0400
Processing by CatsController#edit as HTML
  Parameters: {"id"=>"1"}
  Rendering cats/edit.html.erb within layouts/application
  Rendered cats/edit.html.erb within layouts/application (3.5ms)
Completed 500 Internal Server Error in 27ms (ActiveRecord: 0.0ms)



NoMethodError - undefined method `name' for nil:NilClass:
  app/views/cats/edit.html.erb:6:in `_app_views_cats_edit_html_erb__3871069971880245702_70337851292380'
  app/controllers/cats_controller.rb:26:in `edit'

Started POST "/__better_errors/dc99d4e8bf94c960/variables" for ::1 at 2019-09-03 15:03:40 -0400
Started GET "/cats/1/edit" for ::1 at 2019-09-03 15:04:18 -0400
Processing by CatsController#edit as HTML
  Parameters: {"id"=>"1"}
  Rendering cats/edit.html.erb within layouts/application
  Rendered cats/edit.html.erb within layouts/application (530.0ms)
Completed 500 Internal Server Error in 549ms (ActiveRecord: 0.0ms)



NameError - undefined local variable or method `cat' for #<#<Class:0x00007ff1a11e3f08>:0x00007ff1a02b1828>
Did you mean?  catch:
  app/views/cats/edit.html.erb:6:in `_app_views_cats_edit_html_erb__3871069971880245702_70337875509520'
  app/controllers/cats_controller.rb:26:in `edit'

Started POST "/__better_errors/6d75f317ac9633bc/variables" for ::1 at 2019-09-03 15:04:19 -0400
Started GET "/cats/1/edit" for ::1 at 2019-09-03 15:04:59 -0400
Processing by CatsController#edit as HTML
  Parameters: {"id"=>"1"}
  Rendering cats/edit.html.erb within layouts/application
  Rendered cats/edit.html.erb within layouts/application (6.0ms)
Completed 500 Internal Server Error in 14ms (ActiveRecord: 0.0ms)



ActionController::UrlGenerationError - No route matches {:action=>"edit", :controller=>"cats", :id=>nil}, missing required keys: [:id]:
  app/views/cats/edit.html.erb:2:in `_app_views_cats_edit_html_erb__3871069971880245702_70337885227800'
  app/controllers/cats_controller.rb:26:in `edit'

Started POST "/__better_errors/2c71decac98a93d6/variables" for ::1 at 2019-09-03 15:04:59 -0400
Started GET "/cats/1/edit" for ::1 at 2019-09-03 15:05:22 -0400
Processing by CatsController#edit as HTML
  Parameters: {"id"=>"1"}
  Rendering cats/edit.html.erb within layouts/application
  Rendered cats/edit.html.erb within layouts/application (384.7ms)
Completed 500 Internal Server Error in 393ms (ActiveRecord: 0.0ms)



NameError - undefined local variable or method `cat' for #<#<Class:0x00007ff1a11e3f08>:0x00007ff1a161fce8>
Did you mean?  catch:
  app/views/cats/edit.html.erb:2:in `_app_views_cats_edit_html_erb__3871069971880245702_70337885697180'
  app/controllers/cats_controller.rb:26:in `edit'

Started POST "/__better_errors/4ea5d5ac6af20af8/variables" for ::1 at 2019-09-03 15:05:23 -0400
Started GET "/cats/1/edit" for ::1 at 2019-09-03 15:05:28 -0400
Processing by CatsController#edit as HTML
  Parameters: {"id"=>"1"}
  Rendering cats/edit.html.erb within layouts/application
  Rendered cats/edit.html.erb within layouts/application (482.7ms)
Completed 500 Internal Server Error in 506ms (ActiveRecord: 0.0ms)



NameError - undefined local variable or method `cat' for #<#<Class:0x00007ff1a11e3f08>:0x00007ff1a02bbdc8>
Did you mean?  catch:
  app/views/cats/edit.html.erb:2:in `_app_views_cats_edit_html_erb__3871069971880245702_70337875531140'
  app/controllers/cats_controller.rb:26:in `edit'

Started POST "/__better_errors/991af58b6a530b8a/variables" for ::1 at 2019-09-03 15:05:29 -0400
Started GET "/cats/1/edit" for ::1 at 2019-09-03 15:09:07 -0400
Processing by CatsController#edit as HTML
  Parameters: {"id"=>"1"}
  [1m[36mCat Load (0.5ms)[0m  [1m[34mSELECT  "cats".* FROM "cats" WHERE "cats"."id" = $1 LIMIT $2[0m  [["id", 1], ["LIMIT", 1]]
  ↳ app/controllers/cats_controller.rb:26
  Rendering cats/edit.html.erb within layouts/application
  Rendered cats/edit.html.erb within layouts/application (0.6ms)
Completed 200 OK in 122ms (Views: 83.1ms | ActiveRecord: 9.7ms)


Started GET "/cats/1/edit" for ::1 at 2019-09-03 15:11:45 -0400
Processing by CatsController#edit as HTML
  Parameters: {"id"=>"1"}
  [1m[36mCat Load (0.5ms)[0m  [1m[34mSELECT  "cats".* FROM "cats" WHERE "cats"."id" = $1 LIMIT $2[0m  [["id", 1], ["LIMIT", 1]]
  ↳ app/controllers/cats_controller.rb:26
  Rendering cats/edit.html.erb within layouts/application
  Rendered cats/edit.html.erb within layouts/application (1.5ms)
Completed 200 OK in 95ms (Views: 93.0ms | ActiveRecord: 0.5ms)


Started GET "/cats/1/edit" for ::1 at 2019-09-03 15:11:47 -0400
Processing by CatsController#edit as HTML
  Parameters: {"id"=>"1"}
  [1m[36mCat Load (0.6ms)[0m  [1m[34mSELECT  "cats".* FROM "cats" WHERE "cats"."id" = $1 LIMIT $2[0m  [["id", 1], ["LIMIT", 1]]
  ↳ app/controllers/cats_controller.rb:26
  Rendering cats/edit.html.erb within layouts/application
  Rendered cats/edit.html.erb within layouts/application (0.8ms)
Completed 200 OK in 20ms (Views: 18.2ms | ActiveRecord: 0.6ms)


Started GET "/cats/1/edit" for ::1 at 2019-09-03 15:11:48 -0400
Processing by CatsController#edit as HTML
  Parameters: {"id"=>"1"}
  [1m[36mCat Load (0.4ms)[0m  [1m[34mSELECT  "cats".* FROM "cats" WHERE "cats"."id" = $1 LIMIT $2[0m  [["id", 1], ["LIMIT", 1]]
  ↳ app/controllers/cats_controller.rb:26
  Rendering cats/edit.html.erb within layouts/application
  Rendered cats/edit.html.erb within layouts/application (0.7ms)
Completed 200 OK in 21ms (Views: 19.2ms | ActiveRecord: 0.4ms)


Started GET "/cats/1/edit" for ::1 at 2019-09-03 15:12:00 -0400
Processing by CatsController#edit as HTML
  Parameters: {"id"=>"1"}
  [1m[36mCat Load (0.4ms)[0m  [1m[34mSELECT  "cats".* FROM "cats" WHERE "cats"."id" = $1 LIMIT $2[0m  [["id", 1], ["LIMIT", 1]]
  ↳ app/controllers/cats_controller.rb:26
  Rendering cats/edit.html.erb within layouts/application
  Rendered cats/edit.html.erb within layouts/application (1.0ms)
Completed 200 OK in 26ms (Views: 23.3ms | ActiveRecord: 0.4ms)


Started GET "/cats/1/edit" for ::1 at 2019-09-03 15:12:01 -0400
Processing by CatsController#edit as HTML
  Parameters: {"id"=>"1"}
  [1m[36mCat Load (0.4ms)[0m  [1m[34mSELECT  "cats".* FROM "cats" WHERE "cats"."id" = $1 LIMIT $2[0m  [["id", 1], ["LIMIT", 1]]
  ↳ app/controllers/cats_controller.rb:26
  Rendering cats/edit.html.erb within layouts/application
  Rendered cats/edit.html.erb within layouts/application (0.7ms)
Completed 200 OK in 20ms (Views: 18.7ms | ActiveRecord: 0.4ms)


Started GET "/cats/1/edit" for ::1 at 2019-09-03 15:12:01 -0400
Processing by CatsController#edit as HTML
  Parameters: {"id"=>"1"}
  [1m[36mCat Load (0.5ms)[0m  [1m[34mSELECT  "cats".* FROM "cats" WHERE "cats"."id" = $1 LIMIT $2[0m  [["id", 1], ["LIMIT", 1]]
  ↳ app/controllers/cats_controller.rb:26
  Rendering cats/edit.html.erb within layouts/application
  Rendered cats/edit.html.erb within layouts/application (0.9ms)
Completed 200 OK in 24ms (Views: 22.0ms | ActiveRecord: 0.5ms)


Started GET "/cats" for ::1 at 2019-09-03 15:12:06 -0400
Processing by CatsController#index as HTML
  Rendering cats/index.html.erb within layouts/application
  [1m[36mCat Load (1.0ms)[0m  [1m[34mSELECT "cats".* FROM "cats"[0m
  ↳ app/views/cats/index.html.erb:3
  Rendered cats/index.html.erb within layouts/application (4.3ms)
Completed 200 OK in 199ms (Views: 197.4ms | ActiveRecord: 1.0ms)


Started GET "/cats/1" for ::1 at 2019-09-03 15:12:08 -0400
Processing by CatsController#show as HTML
  Parameters: {"id"=>"1"}
  [1m[36mCat Load (0.3ms)[0m  [1m[34mSELECT  "cats".* FROM "cats" WHERE "cats"."id" = $1 LIMIT $2[0m  [["id", 1], ["LIMIT", 1]]
  ↳ app/controllers/cats_controller.rb:8
  Rendering cats/show.html.erb within layouts/application
  Rendered cats/show.html.erb within layouts/application (0.6ms)
Completed 200 OK in 36ms (Views: 34.0ms | ActiveRecord: 0.3ms)


Started GET "/cats/1/edit" for ::1 at 2019-09-03 15:12:12 -0400
Processing by CatsController#edit as HTML
  Parameters: {"id"=>"1"}
  [1m[36mCat Load (0.4ms)[0m  [1m[34mSELECT  "cats".* FROM "cats" WHERE "cats"."id" = $1 LIMIT $2[0m  [["id", 1], ["LIMIT", 1]]
  ↳ app/controllers/cats_controller.rb:26
  Rendering cats/edit.html.erb within layouts/application
  Rendered cats/edit.html.erb within layouts/application (0.9ms)
Completed 200 OK in 28ms (Views: 25.7ms | ActiveRecord: 0.4ms)


Started GET "/cats/1/edit" for ::1 at 2019-09-03 15:13:28 -0400
Processing by CatsController#edit as HTML
  Parameters: {"id"=>"1"}
  [1m[36mCat Load (0.4ms)[0m  [1m[34mSELECT  "cats".* FROM "cats" WHERE "cats"."id" = $1 LIMIT $2[0m  [["id", 1], ["LIMIT", 1]]
  ↳ app/controllers/cats_controller.rb:26
  Rendering cats/edit.html.erb within layouts/application
  Rendered cats/edit.html.erb within layouts/application (1.3ms)
Completed 200 OK in 122ms (Views: 120.7ms | ActiveRecord: 0.4ms)


Started GET "/cats/1/edit" for ::1 at 2019-09-03 15:21:26 -0400
Processing by CatsController#edit as HTML
  Parameters: {"id"=>"1"}
  [1m[36mCat Load (0.6ms)[0m  [1m[34mSELECT  "cats".* FROM "cats" WHERE "cats"."id" = $1 LIMIT $2[0m  [["id", 1], ["LIMIT", 1]]
  ↳ app/controllers/cats_controller.rb:26
  Rendering cats/edit.html.erb within layouts/application
  Rendered cats/edit.html.erb within layouts/application (0.8ms)
Completed 200 OK in 23ms (Views: 20.1ms | ActiveRecord: 0.8ms)


Started GET "/cats/1/edit" for ::1 at 2019-09-03 15:22:05 -0400
Processing by CatsController#edit as HTML
  Parameters: {"id"=>"1"}
  [1m[36mCat Load (0.7ms)[0m  [1m[34mSELECT  "cats".* FROM "cats" WHERE "cats"."id" = $1 LIMIT $2[0m  [["id", 1], ["LIMIT", 1]]
  ↳ app/controllers/cats_controller.rb:26
  Rendering cats/edit.html.erb within layouts/application
  Rendered cats/edit.html.erb within layouts/application (1.4ms)
Completed 200 OK in 22ms (Views: 19.5ms | ActiveRecord: 0.7ms)


Started GET "/cats/1/edit" for ::1 at 2019-09-03 15:22:23 -0400
Processing by CatsController#edit as HTML
  Parameters: {"id"=>"1"}
  [1m[36mCat Load (1.0ms)[0m  [1m[34mSELECT  "cats".* FROM "cats" WHERE "cats"."id" = $1 LIMIT $2[0m  [["id", 1], ["LIMIT", 1]]
  ↳ app/controllers/cats_controller.rb:26
  Rendering cats/edit.html.erb within layouts/application
  Rendered cats/edit.html.erb within layouts/application (1.1ms)
Completed 200 OK in 26ms (Views: 23.0ms | ActiveRecord: 1.0ms)


Started PATCH "/cats/1" for ::1 at 2019-09-03 15:24:04 -0400
Processing by CatsController#update as HTML
  Parameters: {"cat"=>{"name"=>"Ryoki", "sex"=>"F", "color"=>"Green", "birth_date"=>"2019-08-06", "description"=>"The dumbest cat I'v ever met!"}, "id"=>"1"}
  [1m[36mCat Load (0.8ms)[0m  [1m[34mSELECT  "cats".* FROM "cats" WHERE "cats"."id" = $1 LIMIT $2[0m  [["id", 1], ["LIMIT", 1]]
  ↳ app/controllers/cats_controller.rb:31
  [1m[35m (0.4ms)[0m  [1m[35mBEGIN[0m
  ↳ app/controllers/cats_controller.rb:32
  [1m[36mCat Update (25.9ms)[0m  [1m[33mUPDATE "cats" SET "name" = $1, "color" = $2, "birth_date" = $3, "description" = $4, "updated_at" = $5 WHERE "cats"."id" = $6[0m  [["name", "Ryoki"], ["color", "Green"], ["birth_date", "2019-08-06"], ["description", "The dumbest cat I'v ever met!"], ["updated_at", "2019-09-03 19:24:04.841981"], ["id", 1]]
  ↳ app/controllers/cats_controller.rb:32
  [1m[35m (0.6ms)[0m  [1m[35mCOMMIT[0m
  ↳ app/controllers/cats_controller.rb:32
Redirected to http://localhost:3000/cats/1
Completed 302 Found in 71ms (ActiveRecord: 27.7ms)


Started GET "/cats/1" for ::1 at 2019-09-03 15:24:04 -0400
Processing by CatsController#show as HTML
  Parameters: {"id"=>"1"}
  [1m[36mCat Load (0.4ms)[0m  [1m[34mSELECT  "cats".* FROM "cats" WHERE "cats"."id" = $1 LIMIT $2[0m  [["id", 1], ["LIMIT", 1]]
  ↳ app/controllers/cats_controller.rb:8
  Rendering cats/show.html.erb within layouts/application
  Rendered cats/show.html.erb within layouts/application (0.7ms)
Completed 200 OK in 45ms (Views: 43.7ms | ActiveRecord: 0.4ms)


Started GET "/cats/1" for ::1 at 2019-09-03 15:26:20 -0400
Processing by CatsController#show as HTML
  Parameters: {"id"=>"1"}
  [1m[36mCat Load (0.6ms)[0m  [1m[34mSELECT  "cats".* FROM "cats" WHERE "cats"."id" = $1 LIMIT $2[0m  [["id", 1], ["LIMIT", 1]]
  ↳ app/controllers/cats_controller.rb:8
  Rendering cats/show.html.erb within layouts/application
  Rendered cats/show.html.erb within layouts/application (0.6ms)
Completed 200 OK in 21ms (Views: 18.3ms | ActiveRecord: 0.6ms)


Started GET "/cats/1/edt" for ::1 at 2019-09-03 15:26:24 -0400
  
ActionController::RoutingError (No route matches [GET] "/cats/1/edt"):
  
actionpack (5.2.3) lib/action_dispatch/middleware/debug_exceptions.rb:65:in `call'
web-console (3.7.0) lib/web_console/middleware.rb:135:in `call_app'
web-console (3.7.0) lib/web_console/middleware.rb:30:in `block in call'
web-console (3.7.0) lib/web_console/middleware.rb:20:in `catch'
web-console (3.7.0) lib/web_console/middleware.rb:20:in `call'
actionpack (5.2.3) lib/action_dispatch/middleware/show_exceptions.rb:33:in `call'
railties (5.2.3) lib/rails/rack/logger.rb:38:in `call_app'
railties (5.2.3) lib/rails/rack/logger.rb:26:in `block in call'
activesupport (5.2.3) lib/active_support/tagged_logging.rb:71:in `block in tagged'
activesupport (5.2.3) lib/active_support/tagged_logging.rb:28:in `tagged'
activesupport (5.2.3) lib/active_support/tagged_logging.rb:71:in `tagged'
railties (5.2.3) lib/rails/rack/logger.rb:26:in `call'
sprockets-rails (3.2.1) lib/sprockets/rails/quiet_assets.rb:13:in `call'
actionpack (5.2.3) lib/action_dispatch/middleware/remote_ip.rb:81:in `call'
actionpack (5.2.3) lib/action_dispatch/middleware/request_id.rb:27:in `call'
rack (2.0.7) lib/rack/method_override.rb:22:in `call'
rack (2.0.7) lib/rack/runtime.rb:22:in `call'
activesupport (5.2.3) lib/active_support/cache/strategy/local_cache_middleware.rb:29:in `call'
actionpack (5.2.3) lib/action_dispatch/middleware/executor.rb:14:in `call'
actionpack (5.2.3) lib/action_dispatch/middleware/static.rb:127:in `call'
rack (2.0.7) lib/rack/sendfile.rb:111:in `call'
railties (5.2.3) lib/rails/engine.rb:524:in `call'
puma (3.12.1) lib/puma/configuration.rb:227:in `call'
puma (3.12.1) lib/puma/server.rb:660:in `handle_request'
puma (3.12.1) lib/puma/server.rb:474:in `process_client'
puma (3.12.1) lib/puma/server.rb:334:in `block in run'
puma (3.12.1) lib/puma/thread_pool.rb:135:in `block in spawn_thread'
Started GET "/cats/1/edit" for ::1 at 2019-09-03 15:26:27 -0400
Processing by CatsController#edit as HTML
  Parameters: {"id"=>"1"}
  [1m[36mCat Load (0.5ms)[0m  [1m[34mSELECT  "cats".* FROM "cats" WHERE "cats"."id" = $1 LIMIT $2[0m  [["id", 1], ["LIMIT", 1]]
  ↳ app/controllers/cats_controller.rb:26
  Rendering cats/edit.html.erb within layouts/application
  Rendered cats/edit.html.erb within layouts/application (1.4ms)
Completed 200 OK in 108ms (Views: 105.4ms | ActiveRecord: 0.5ms)


Started GET "/cats" for ::1 at 2019-09-03 15:42:31 -0400
Processing by CatsController#index as HTML
  Rendering cats/index.html.erb within layouts/application
  [1m[36mCat Load (1.2ms)[0m  [1m[34mSELECT "cats".* FROM "cats"[0m
  ↳ app/views/cats/index.html.erb:3
  Rendered cats/index.html.erb within layouts/application (23.1ms)
Completed 200 OK in 207ms (Views: 159.0ms | ActiveRecord: 12.6ms)


Started GET "/cats/1" for ::1 at 2019-09-03 15:42:35 -0400
Processing by CatsController#show as HTML
  Parameters: {"id"=>"1"}
  [1m[36mCat Load (2.1ms)[0m  [1m[34mSELECT  "cats".* FROM "cats" WHERE "cats"."id" = $1 LIMIT $2[0m  [["id", 1], ["LIMIT", 1]]
  ↳ app/controllers/cats_controller.rb:8
  Rendering cats/show.html.erb within layouts/application
  Rendered cats/show.html.erb within layouts/application (0.6ms)
Completed 200 OK in 55ms (Views: 48.4ms | ActiveRecord: 3.1ms)


Started GET "/cats" for ::1 at 2019-09-03 15:43:42 -0400
Processing by CatsController#index as HTML
  Rendering cats/index.html.erb within layouts/application
  [1m[36mCat Load (0.5ms)[0m  [1m[34mSELECT "cats".* FROM "cats"[0m
  ↳ app/views/cats/index.html.erb:3
  Rendered cats/index.html.erb within layouts/application (2.1ms)
Completed 200 OK in 70ms (Views: 68.5ms | ActiveRecord: 0.5ms)


Started GET "/cats/1" for ::1 at 2019-09-03 15:43:45 -0400
Processing by CatsController#show as HTML
  Parameters: {"id"=>"1"}
  [1m[36mCat Load (1.1ms)[0m  [1m[34mSELECT  "cats".* FROM "cats" WHERE "cats"."id" = $1 LIMIT $2[0m  [["id", 1], ["LIMIT", 1]]
  ↳ app/controllers/cats_controller.rb:8
  Rendering cats/show.html.erb within layouts/application
  Rendered cats/show.html.erb within layouts/application (443.5ms)
Completed 500 Internal Server Error in 454ms (ActiveRecord: 1.1ms)



NameError - undefined local variable or method `cat' for #<#<Class:0x00007ff19cad9838>:0x00007ff1a10ebad8>
Did you mean?  @cat:
  app/views/cats/show.html.erb:2:in `_app_views_cats_show_html_erb___3520774956024959014_70337882965000'
  app/controllers/cats_controller.rb:9:in `show'

Started POST "/__better_errors/5be446b8d6594f4c/variables" for ::1 at 2019-09-03 15:43:45 -0400
Started GET "/cats" for ::1 at 2019-09-03 15:44:02 -0400
Processing by CatsController#index as HTML
  Rendering cats/index.html.erb within layouts/application
  [1m[36mCat Load (0.6ms)[0m  [1m[34mSELECT "cats".* FROM "cats"[0m
  ↳ app/views/cats/index.html.erb:3
  Rendered cats/index.html.erb within layouts/application (2.7ms)
Completed 200 OK in 31ms (Views: 28.8ms | ActiveRecord: 0.6ms)


Started GET "/cats/1" for ::1 at 2019-09-03 15:44:05 -0400
Processing by CatsController#show as HTML
  Parameters: {"id"=>"1"}
  [1m[36mCat Load (1.2ms)[0m  [1m[34mSELECT  "cats".* FROM "cats" WHERE "cats"."id" = $1 LIMIT $2[0m  [["id", 1], ["LIMIT", 1]]
  ↳ app/controllers/cats_controller.rb:8
  Rendering cats/show.html.erb within layouts/application
  Rendered cats/show.html.erb within layouts/application (1.0ms)
Completed 200 OK in 25ms (Views: 21.3ms | ActiveRecord: 1.2ms)


Started GET "/cats/1/edit" for ::1 at 2019-09-03 15:44:06 -0400
Processing by CatsController#edit as HTML
  Parameters: {"id"=>"1"}
  [1m[36mCat Load (0.9ms)[0m  [1m[34mSELECT  "cats".* FROM "cats" WHERE "cats"."id" = $1 LIMIT $2[0m  [["id", 1], ["LIMIT", 1]]
  ↳ app/controllers/cats_controller.rb:27
  Rendering cats/edit.html.erb within layouts/application
  Rendered cats/_form.html.erb (1.9ms)
  Rendered cats/edit.html.erb within layouts/application (17.5ms)
Completed 200 OK in 80ms (Views: 76.4ms | ActiveRecord: 0.9ms)


Started PATCH "/cats/1/edit" for ::1 at 2019-09-03 15:44:19 -0400
  
ActionController::RoutingError (No route matches [PATCH] "/cats/1/edit"):
  
actionpack (5.2.3) lib/action_dispatch/middleware/debug_exceptions.rb:65:in `call'
web-console (3.7.0) lib/web_console/middleware.rb:135:in `call_app'
web-console (3.7.0) lib/web_console/middleware.rb:30:in `block in call'
web-console (3.7.0) lib/web_console/middleware.rb:20:in `catch'
web-console (3.7.0) lib/web_console/middleware.rb:20:in `call'
actionpack (5.2.3) lib/action_dispatch/middleware/show_exceptions.rb:33:in `call'
railties (5.2.3) lib/rails/rack/logger.rb:38:in `call_app'
railties (5.2.3) lib/rails/rack/logger.rb:26:in `block in call'
activesupport (5.2.3) lib/active_support/tagged_logging.rb:71:in `block in tagged'
activesupport (5.2.3) lib/active_support/tagged_logging.rb:28:in `tagged'
activesupport (5.2.3) lib/active_support/tagged_logging.rb:71:in `tagged'
railties (5.2.3) lib/rails/rack/logger.rb:26:in `call'
sprockets-rails (3.2.1) lib/sprockets/rails/quiet_assets.rb:13:in `call'
actionpack (5.2.3) lib/action_dispatch/middleware/remote_ip.rb:81:in `call'
actionpack (5.2.3) lib/action_dispatch/middleware/request_id.rb:27:in `call'
rack (2.0.7) lib/rack/method_override.rb:22:in `call'
rack (2.0.7) lib/rack/runtime.rb:22:in `call'
activesupport (5.2.3) lib/active_support/cache/strategy/local_cache_middleware.rb:29:in `call'
actionpack (5.2.3) lib/action_dispatch/middleware/executor.rb:14:in `call'
actionpack (5.2.3) lib/action_dispatch/middleware/static.rb:127:in `call'
rack (2.0.7) lib/rack/sendfile.rb:111:in `call'
railties (5.2.3) lib/rails/engine.rb:524:in `call'
puma (3.12.1) lib/puma/configuration.rb:227:in `call'
puma (3.12.1) lib/puma/server.rb:660:in `handle_request'
puma (3.12.1) lib/puma/server.rb:474:in `process_client'
puma (3.12.1) lib/puma/server.rb:334:in `block in run'
puma (3.12.1) lib/puma/thread_pool.rb:135:in `block in spawn_thread'
Started PATCH "/cats/1/edit" for ::1 at 2019-09-03 15:47:06 -0400
  
ActionController::RoutingError (No route matches [PATCH] "/cats/1/edit"):
  
actionpack (5.2.3) lib/action_dispatch/middleware/debug_exceptions.rb:65:in `call'
web-console (3.7.0) lib/web_console/middleware.rb:135:in `call_app'
web-console (3.7.0) lib/web_console/middleware.rb:30:in `block in call'
web-console (3.7.0) lib/web_console/middleware.rb:20:in `catch'
web-console (3.7.0) lib/web_console/middleware.rb:20:in `call'
actionpack (5.2.3) lib/action_dispatch/middleware/show_exceptions.rb:33:in `call'
railties (5.2.3) lib/rails/rack/logger.rb:38:in `call_app'
railties (5.2.3) lib/rails/rack/logger.rb:26:in `block in call'
activesupport (5.2.3) lib/active_support/tagged_logging.rb:71:in `block in tagged'
activesupport (5.2.3) lib/active_support/tagged_logging.rb:28:in `tagged'
activesupport (5.2.3) lib/active_support/tagged_logging.rb:71:in `tagged'
railties (5.2.3) lib/rails/rack/logger.rb:26:in `call'
sprockets-rails (3.2.1) lib/sprockets/rails/quiet_assets.rb:13:in `call'
actionpack (5.2.3) lib/action_dispatch/middleware/remote_ip.rb:81:in `call'
actionpack (5.2.3) lib/action_dispatch/middleware/request_id.rb:27:in `call'
rack (2.0.7) lib/rack/method_override.rb:22:in `call'
rack (2.0.7) lib/rack/runtime.rb:22:in `call'
activesupport (5.2.3) lib/active_support/cache/strategy/local_cache_middleware.rb:29:in `call'
actionpack (5.2.3) lib/action_dispatch/middleware/executor.rb:14:in `call'
actionpack (5.2.3) lib/action_dispatch/middleware/static.rb:127:in `call'
rack (2.0.7) lib/rack/sendfile.rb:111:in `call'
railties (5.2.3) lib/rails/engine.rb:524:in `call'
puma (3.12.1) lib/puma/configuration.rb:227:in `call'
puma (3.12.1) lib/puma/server.rb:660:in `handle_request'
puma (3.12.1) lib/puma/server.rb:474:in `process_client'
puma (3.12.1) lib/puma/server.rb:334:in `block in run'
puma (3.12.1) lib/puma/thread_pool.rb:135:in `block in spawn_thread'
Started PATCH "/cats/1/edit" for ::1 at 2019-09-03 15:50:29 -0400
  
ActionController::RoutingError (No route matches [PATCH] "/cats/1/edit"):
  
actionpack (5.2.3) lib/action_dispatch/middleware/debug_exceptions.rb:65:in `call'
web-console (3.7.0) lib/web_console/middleware.rb:135:in `call_app'
web-console (3.7.0) lib/web_console/middleware.rb:30:in `block in call'
web-console (3.7.0) lib/web_console/middleware.rb:20:in `catch'
web-console (3.7.0) lib/web_console/middleware.rb:20:in `call'
actionpack (5.2.3) lib/action_dispatch/middleware/show_exceptions.rb:33:in `call'
railties (5.2.3) lib/rails/rack/logger.rb:38:in `call_app'
railties (5.2.3) lib/rails/rack/logger.rb:26:in `block in call'
activesupport (5.2.3) lib/active_support/tagged_logging.rb:71:in `block in tagged'
activesupport (5.2.3) lib/active_support/tagged_logging.rb:28:in `tagged'
activesupport (5.2.3) lib/active_support/tagged_logging.rb:71:in `tagged'
railties (5.2.3) lib/rails/rack/logger.rb:26:in `call'
sprockets-rails (3.2.1) lib/sprockets/rails/quiet_assets.rb:13:in `call'
actionpack (5.2.3) lib/action_dispatch/middleware/remote_ip.rb:81:in `call'
actionpack (5.2.3) lib/action_dispatch/middleware/request_id.rb:27:in `call'
rack (2.0.7) lib/rack/method_override.rb:22:in `call'
rack (2.0.7) lib/rack/runtime.rb:22:in `call'
activesupport (5.2.3) lib/active_support/cache/strategy/local_cache_middleware.rb:29:in `call'
actionpack (5.2.3) lib/action_dispatch/middleware/executor.rb:14:in `call'
actionpack (5.2.3) lib/action_dispatch/middleware/static.rb:127:in `call'
rack (2.0.7) lib/rack/sendfile.rb:111:in `call'
railties (5.2.3) lib/rails/engine.rb:524:in `call'
puma (3.12.1) lib/puma/configuration.rb:227:in `call'
puma (3.12.1) lib/puma/server.rb:660:in `handle_request'
puma (3.12.1) lib/puma/server.rb:474:in `process_client'
puma (3.12.1) lib/puma/server.rb:334:in `block in run'
puma (3.12.1) lib/puma/thread_pool.rb:135:in `block in spawn_thread'
Started PATCH "/cats/1/edit" for ::1 at 2019-09-03 15:51:51 -0400
  
ActionController::RoutingError (No route matches [PATCH] "/cats/1/edit"):
  
actionpack (5.2.3) lib/action_dispatch/middleware/debug_exceptions.rb:65:in `call'
web-console (3.7.0) lib/web_console/middleware.rb:135:in `call_app'
web-console (3.7.0) lib/web_console/middleware.rb:30:in `block in call'
web-console (3.7.0) lib/web_console/middleware.rb:20:in `catch'
web-console (3.7.0) lib/web_console/middleware.rb:20:in `call'
actionpack (5.2.3) lib/action_dispatch/middleware/show_exceptions.rb:33:in `call'
railties (5.2.3) lib/rails/rack/logger.rb:38:in `call_app'
railties (5.2.3) lib/rails/rack/logger.rb:26:in `block in call'
activesupport (5.2.3) lib/active_support/tagged_logging.rb:71:in `block in tagged'
activesupport (5.2.3) lib/active_support/tagged_logging.rb:28:in `tagged'
activesupport (5.2.3) lib/active_support/tagged_logging.rb:71:in `tagged'
railties (5.2.3) lib/rails/rack/logger.rb:26:in `call'
sprockets-rails (3.2.1) lib/sprockets/rails/quiet_assets.rb:13:in `call'
actionpack (5.2.3) lib/action_dispatch/middleware/remote_ip.rb:81:in `call'
actionpack (5.2.3) lib/action_dispatch/middleware/request_id.rb:27:in `call'
rack (2.0.7) lib/rack/method_override.rb:22:in `call'
rack (2.0.7) lib/rack/runtime.rb:22:in `call'
activesupport (5.2.3) lib/active_support/cache/strategy/local_cache_middleware.rb:29:in `call'
actionpack (5.2.3) lib/action_dispatch/middleware/executor.rb:14:in `call'
actionpack (5.2.3) lib/action_dispatch/middleware/static.rb:127:in `call'
rack (2.0.7) lib/rack/sendfile.rb:111:in `call'
railties (5.2.3) lib/rails/engine.rb:524:in `call'
puma (3.12.1) lib/puma/configuration.rb:227:in `call'
puma (3.12.1) lib/puma/server.rb:660:in `handle_request'
puma (3.12.1) lib/puma/server.rb:474:in `process_client'
puma (3.12.1) lib/puma/server.rb:334:in `block in run'
puma (3.12.1) lib/puma/thread_pool.rb:135:in `block in spawn_thread'
Started PATCH "/cats/1/edit" for ::1 at 2019-09-03 15:52:51 -0400
  
ActionController::RoutingError (No route matches [PATCH] "/cats/1/edit"):
  
actionpack (5.2.3) lib/action_dispatch/middleware/debug_exceptions.rb:65:in `call'
web-console (3.7.0) lib/web_console/middleware.rb:135:in `call_app'
web-console (3.7.0) lib/web_console/middleware.rb:30:in `block in call'
web-console (3.7.0) lib/web_console/middleware.rb:20:in `catch'
web-console (3.7.0) lib/web_console/middleware.rb:20:in `call'
actionpack (5.2.3) lib/action_dispatch/middleware/show_exceptions.rb:33:in `call'
railties (5.2.3) lib/rails/rack/logger.rb:38:in `call_app'
railties (5.2.3) lib/rails/rack/logger.rb:26:in `block in call'
activesupport (5.2.3) lib/active_support/tagged_logging.rb:71:in `block in tagged'
activesupport (5.2.3) lib/active_support/tagged_logging.rb:28:in `tagged'
activesupport (5.2.3) lib/active_support/tagged_logging.rb:71:in `tagged'
railties (5.2.3) lib/rails/rack/logger.rb:26:in `call'
sprockets-rails (3.2.1) lib/sprockets/rails/quiet_assets.rb:13:in `call'
actionpack (5.2.3) lib/action_dispatch/middleware/remote_ip.rb:81:in `call'
actionpack (5.2.3) lib/action_dispatch/middleware/request_id.rb:27:in `call'
rack (2.0.7) lib/rack/method_override.rb:22:in `call'
rack (2.0.7) lib/rack/runtime.rb:22:in `call'
activesupport (5.2.3) lib/active_support/cache/strategy/local_cache_middleware.rb:29:in `call'
actionpack (5.2.3) lib/action_dispatch/middleware/executor.rb:14:in `call'
actionpack (5.2.3) lib/action_dispatch/middleware/static.rb:127:in `call'
rack (2.0.7) lib/rack/sendfile.rb:111:in `call'
railties (5.2.3) lib/rails/engine.rb:524:in `call'
puma (3.12.1) lib/puma/configuration.rb:227:in `call'
puma (3.12.1) lib/puma/server.rb:660:in `handle_request'
puma (3.12.1) lib/puma/server.rb:474:in `process_client'
puma (3.12.1) lib/puma/server.rb:334:in `block in run'
puma (3.12.1) lib/puma/thread_pool.rb:135:in `block in spawn_thread'
Started PATCH "/cats/1/edit" for ::1 at 2019-09-03 15:53:30 -0400
  
ActionController::RoutingError (No route matches [PATCH] "/cats/1/edit"):
  
actionpack (5.2.3) lib/action_dispatch/middleware/debug_exceptions.rb:65:in `call'
web-console (3.7.0) lib/web_console/middleware.rb:135:in `call_app'
web-console (3.7.0) lib/web_console/middleware.rb:30:in `block in call'
web-console (3.7.0) lib/web_console/middleware.rb:20:in `catch'
web-console (3.7.0) lib/web_console/middleware.rb:20:in `call'
actionpack (5.2.3) lib/action_dispatch/middleware/show_exceptions.rb:33:in `call'
railties (5.2.3) lib/rails/rack/logger.rb:38:in `call_app'
railties (5.2.3) lib/rails/rack/logger.rb:26:in `block in call'
activesupport (5.2.3) lib/active_support/tagged_logging.rb:71:in `block in tagged'
activesupport (5.2.3) lib/active_support/tagged_logging.rb:28:in `tagged'
activesupport (5.2.3) lib/active_support/tagged_logging.rb:71:in `tagged'
railties (5.2.3) lib/rails/rack/logger.rb:26:in `call'
sprockets-rails (3.2.1) lib/sprockets/rails/quiet_assets.rb:13:in `call'
actionpack (5.2.3) lib/action_dispatch/middleware/remote_ip.rb:81:in `call'
actionpack (5.2.3) lib/action_dispatch/middleware/request_id.rb:27:in `call'
rack (2.0.7) lib/rack/method_override.rb:22:in `call'
rack (2.0.7) lib/rack/runtime.rb:22:in `call'
activesupport (5.2.3) lib/active_support/cache/strategy/local_cache_middleware.rb:29:in `call'
actionpack (5.2.3) lib/action_dispatch/middleware/executor.rb:14:in `call'
actionpack (5.2.3) lib/action_dispatch/middleware/static.rb:127:in `call'
rack (2.0.7) lib/rack/sendfile.rb:111:in `call'
railties (5.2.3) lib/rails/engine.rb:524:in `call'
puma (3.12.1) lib/puma/configuration.rb:227:in `call'
puma (3.12.1) lib/puma/server.rb:660:in `handle_request'
puma (3.12.1) lib/puma/server.rb:474:in `process_client'
puma (3.12.1) lib/puma/server.rb:334:in `block in run'
puma (3.12.1) lib/puma/thread_pool.rb:135:in `block in spawn_thread'
Started PATCH "/cats/1/edit" for ::1 at 2019-09-03 15:57:01 -0400
  
ActionController::RoutingError (No route matches [PATCH] "/cats/1/edit"):
  
actionpack (5.2.3) lib/action_dispatch/middleware/debug_exceptions.rb:65:in `call'
web-console (3.7.0) lib/web_console/middleware.rb:135:in `call_app'
web-console (3.7.0) lib/web_console/middleware.rb:30:in `block in call'
web-console (3.7.0) lib/web_console/middleware.rb:20:in `catch'
web-console (3.7.0) lib/web_console/middleware.rb:20:in `call'
actionpack (5.2.3) lib/action_dispatch/middleware/show_exceptions.rb:33:in `call'
railties (5.2.3) lib/rails/rack/logger.rb:38:in `call_app'
railties (5.2.3) lib/rails/rack/logger.rb:26:in `block in call'
activesupport (5.2.3) lib/active_support/tagged_logging.rb:71:in `block in tagged'
activesupport (5.2.3) lib/active_support/tagged_logging.rb:28:in `tagged'
activesupport (5.2.3) lib/active_support/tagged_logging.rb:71:in `tagged'
railties (5.2.3) lib/rails/rack/logger.rb:26:in `call'
sprockets-rails (3.2.1) lib/sprockets/rails/quiet_assets.rb:13:in `call'
actionpack (5.2.3) lib/action_dispatch/middleware/remote_ip.rb:81:in `call'
actionpack (5.2.3) lib/action_dispatch/middleware/request_id.rb:27:in `call'
rack (2.0.7) lib/rack/method_override.rb:22:in `call'
rack (2.0.7) lib/rack/runtime.rb:22:in `call'
activesupport (5.2.3) lib/active_support/cache/strategy/local_cache_middleware.rb:29:in `call'
actionpack (5.2.3) lib/action_dispatch/middleware/executor.rb:14:in `call'
actionpack (5.2.3) lib/action_dispatch/middleware/static.rb:127:in `call'
rack (2.0.7) lib/rack/sendfile.rb:111:in `call'
railties (5.2.3) lib/rails/engine.rb:524:in `call'
puma (3.12.1) lib/puma/configuration.rb:227:in `call'
puma (3.12.1) lib/puma/server.rb:660:in `handle_request'
puma (3.12.1) lib/puma/server.rb:474:in `process_client'
puma (3.12.1) lib/puma/server.rb:334:in `block in run'
puma (3.12.1) lib/puma/thread_pool.rb:135:in `block in spawn_thread'
Started PATCH "/cats/1/edit" for ::1 at 2019-09-03 15:59:38 -0400
  
ActionController::RoutingError (No route matches [PATCH] "/cats/1/edit"):
  
actionpack (5.2.3) lib/action_dispatch/middleware/debug_exceptions.rb:65:in `call'
web-console (3.7.0) lib/web_console/middleware.rb:135:in `call_app'
web-console (3.7.0) lib/web_console/middleware.rb:30:in `block in call'
web-console (3.7.0) lib/web_console/middleware.rb:20:in `catch'
web-console (3.7.0) lib/web_console/middleware.rb:20:in `call'
actionpack (5.2.3) lib/action_dispatch/middleware/show_exceptions.rb:33:in `call'
railties (5.2.3) lib/rails/rack/logger.rb:38:in `call_app'
railties (5.2.3) lib/rails/rack/logger.rb:26:in `block in call'
activesupport (5.2.3) lib/active_support/tagged_logging.rb:71:in `block in tagged'
activesupport (5.2.3) lib/active_support/tagged_logging.rb:28:in `tagged'
activesupport (5.2.3) lib/active_support/tagged_logging.rb:71:in `tagged'
railties (5.2.3) lib/rails/rack/logger.rb:26:in `call'
sprockets-rails (3.2.1) lib/sprockets/rails/quiet_assets.rb:13:in `call'
actionpack (5.2.3) lib/action_dispatch/middleware/remote_ip.rb:81:in `call'
actionpack (5.2.3) lib/action_dispatch/middleware/request_id.rb:27:in `call'
rack (2.0.7) lib/rack/method_override.rb:22:in `call'
rack (2.0.7) lib/rack/runtime.rb:22:in `call'
activesupport (5.2.3) lib/active_support/cache/strategy/local_cache_middleware.rb:29:in `call'
actionpack (5.2.3) lib/action_dispatch/middleware/executor.rb:14:in `call'
actionpack (5.2.3) lib/action_dispatch/middleware/static.rb:127:in `call'
rack (2.0.7) lib/rack/sendfile.rb:111:in `call'
railties (5.2.3) lib/rails/engine.rb:524:in `call'
puma (3.12.1) lib/puma/configuration.rb:227:in `call'
puma (3.12.1) lib/puma/server.rb:660:in `handle_request'
puma (3.12.1) lib/puma/server.rb:474:in `process_client'
puma (3.12.1) lib/puma/server.rb:334:in `block in run'
puma (3.12.1) lib/puma/thread_pool.rb:135:in `block in spawn_thread'
Started GET "/cats" for ::1 at 2019-09-03 16:00:26 -0400
  [1m[35m (12.6ms)[0m  [1m[34mSELECT "schema_migrations"."version" FROM "schema_migrations" ORDER BY "schema_migrations"."version" ASC[0m
  ↳ /Users/aa/.rbenv/versions/2.5.1/lib/ruby/gems/2.5.0/gems/activerecord-5.2.3/lib/active_record/log_subscriber.rb:98
Processing by CatsController#index as HTML
  Rendering cats/index.html.erb within layouts/application
  [1m[36mCat Load (0.9ms)[0m  [1m[34mSELECT "cats".* FROM "cats"[0m
  ↳ app/views/cats/index.html.erb:3
  Rendered cats/index.html.erb within layouts/application (19.9ms)
Completed 200 OK in 366ms (Views: 324.7ms | ActiveRecord: 8.0ms)


Started GET "/cats/1" for ::1 at 2019-09-03 16:00:32 -0400
Processing by CatsController#show as HTML
  Parameters: {"id"=>"1"}
  [1m[36mCat Load (0.4ms)[0m  [1m[34mSELECT  "cats".* FROM "cats" WHERE "cats"."id" = $1 LIMIT $2[0m  [["id", 1], ["LIMIT", 1]]
  ↳ app/controllers/cats_controller.rb:8
  Rendering cats/show.html.erb within layouts/application
  Rendered cats/show.html.erb within layouts/application (0.9ms)
Completed 200 OK in 69ms (Views: 51.4ms | ActiveRecord: 0.7ms)


Started GET "/cats/1/edit" for ::1 at 2019-09-03 16:00:34 -0400
Processing by CatsController#edit as HTML
  Parameters: {"id"=>"1"}
  [1m[36mCat Load (1.3ms)[0m  [1m[34mSELECT  "cats".* FROM "cats" WHERE "cats"."id" = $1 LIMIT $2[0m  [["id", 1], ["LIMIT", 1]]
  ↳ app/controllers/cats_controller.rb:27
  Rendering cats/edit.html.erb within layouts/application
  Rendered cats/_form.html.erb (1.2ms)
  Rendered cats/edit.html.erb within layouts/application (23.8ms)
Completed 200 OK in 53ms (Views: 49.3ms | ActiveRecord: 1.3ms)


Started PATCH "/cats/1" for ::1 at 2019-09-03 16:00:45 -0400
Processing by CatsController#update as HTML
  Parameters: {"cat"=>{"name"=>"Ryoki", "sex"=>"F", "color"=>"Green", "birth_date"=>"2019-08-06", "description"=>"Whatevs"}, "id"=>"1"}
  [1m[36mCat Load (0.7ms)[0m  [1m[34mSELECT  "cats".* FROM "cats" WHERE "cats"."id" = $1 LIMIT $2[0m  [["id", 1], ["LIMIT", 1]]
  ↳ app/controllers/cats_controller.rb:32
  [1m[35m (0.3ms)[0m  [1m[35mBEGIN[0m
  ↳ app/controllers/cats_controller.rb:33
  [1m[36mCat Update (0.8ms)[0m  [1m[33mUPDATE "cats" SET "description" = $1, "updated_at" = $2 WHERE "cats"."id" = $3[0m  [["description", "Whatevs"], ["updated_at", "2019-09-03 20:00:45.103855"], ["id", 1]]
  ↳ app/controllers/cats_controller.rb:33
  [1m[35m (25.3ms)[0m  [1m[35mCOMMIT[0m
  ↳ app/controllers/cats_controller.rb:33
Redirected to http://localhost:3000/cats/1
Completed 302 Found in 33ms (ActiveRecord: 27.0ms)


Started GET "/cats/1" for ::1 at 2019-09-03 16:00:45 -0400
Processing by CatsController#show as HTML
  Parameters: {"id"=>"1"}
  [1m[36mCat Load (0.6ms)[0m  [1m[34mSELECT  "cats".* FROM "cats" WHERE "cats"."id" = $1 LIMIT $2[0m  [["id", 1], ["LIMIT", 1]]
  ↳ app/controllers/cats_controller.rb:8
  Rendering cats/show.html.erb within layouts/application
  Rendered cats/show.html.erb within layouts/application (0.7ms)
Completed 200 OK in 207ms (Views: 204.8ms | ActiveRecord: 0.6ms)


Started GET "/cats" for ::1 at 2019-09-03 16:01:37 -0400
  [1m[35m (1.1ms)[0m  [1m[34mSELECT "schema_migrations"."version" FROM "schema_migrations" ORDER BY "schema_migrations"."version" ASC[0m
  ↳ /Users/aa/.rbenv/versions/2.5.1/lib/ruby/gems/2.5.0/gems/activerecord-5.2.3/lib/active_record/log_subscriber.rb:98
Processing by CatsController#index as HTML
  Rendering cats/index.html.erb within layouts/application
  [1m[36mCat Load (0.8ms)[0m  [1m[34mSELECT "cats".* FROM "cats"[0m
  ↳ app/views/cats/index.html.erb:3
  Rendered cats/index.html.erb within layouts/application (19.9ms)
Completed 200 OK in 309ms (Views: 281.5ms | ActiveRecord: 8.3ms)


Started GET "/cats/1" for ::1 at 2019-09-03 16:01:39 -0400
Processing by CatsController#show as HTML
  Parameters: {"id"=>"1"}
  [1m[36mCat Load (1.4ms)[0m  [1m[34mSELECT  "cats".* FROM "cats" WHERE "cats"."id" = $1 LIMIT $2[0m  [["id", 1], ["LIMIT", 1]]
  ↳ app/controllers/cats_controller.rb:8
  Rendering cats/show.html.erb within layouts/application
  Rendered cats/show.html.erb within layouts/application (0.9ms)
Completed 200 OK in 28ms (Views: 19.6ms | ActiveRecord: 1.7ms)


Started GET "/cats/1/edit" for ::1 at 2019-09-03 16:01:40 -0400
Processing by CatsController#edit as HTML
  Parameters: {"id"=>"1"}
  [1m[36mCat Load (0.7ms)[0m  [1m[34mSELECT  "cats".* FROM "cats" WHERE "cats"."id" = $1 LIMIT $2[0m  [["id", 1], ["LIMIT", 1]]
  ↳ app/controllers/cats_controller.rb:27
  Rendering cats/edit.html.erb within layouts/application
  Rendered cats/_form.html.erb (0.9ms)
  Rendered cats/edit.html.erb within layouts/application (2.7ms)
Completed 200 OK in 54ms (Views: 50.4ms | ActiveRecord: 0.7ms)


Started PATCH "/cats/1" for ::1 at 2019-09-03 16:01:49 -0400
Processing by CatsController#update as HTML
  Parameters: {"cat"=>{"name"=>"Ryoki", "sex"=>"F", "color"=>"Green", "birth_date"=>"2019-08-06", "description"=>"Some good good words."}, "id"=>"1"}
  [1m[36mCat Load (0.4ms)[0m  [1m[34mSELECT  "cats".* FROM "cats" WHERE "cats"."id" = $1 LIMIT $2[0m  [["id", 1], ["LIMIT", 1]]
  ↳ app/controllers/cats_controller.rb:32
  [1m[35m (0.2ms)[0m  [1m[35mBEGIN[0m
  ↳ app/controllers/cats_controller.rb:33
  [1m[36mCat Update (0.8ms)[0m  [1m[33mUPDATE "cats" SET "description" = $1, "updated_at" = $2 WHERE "cats"."id" = $3[0m  [["description", "Some good good words."], ["updated_at", "2019-09-03 20:01:49.579663"], ["id", 1]]
  ↳ app/controllers/cats_controller.rb:33
  [1m[35m (0.5ms)[0m  [1m[35mCOMMIT[0m
  ↳ app/controllers/cats_controller.rb:33
Redirected to http://localhost:3000/cats/1
Completed 302 Found in 7ms (ActiveRecord: 2.0ms)


Started GET "/cats/1" for ::1 at 2019-09-03 16:01:49 -0400
Processing by CatsController#show as HTML
  Parameters: {"id"=>"1"}
  [1m[36mCat Load (0.4ms)[0m  [1m[34mSELECT  "cats".* FROM "cats" WHERE "cats"."id" = $1 LIMIT $2[0m  [["id", 1], ["LIMIT", 1]]
  ↳ app/controllers/cats_controller.rb:8
  Rendering cats/show.html.erb within layouts/application
  Rendered cats/show.html.erb within layouts/application (0.7ms)
Completed 200 OK in 18ms (Views: 16.2ms | ActiveRecord: 0.4ms)


Started GET "/cats" for ::1 at 2019-09-03 16:05:03 -0400
Processing by CatsController#index as HTML
  Rendering cats/index.html.erb within layouts/application
  [1m[36mCat Load (2.8ms)[0m  [1m[34mSELECT "cats".* FROM "cats"[0m
  ↳ app/views/cats/index.html.erb:3
  Rendered cats/index.html.erb within layouts/application (5.8ms)
Completed 200 OK in 37ms (Views: 33.3ms | ActiveRecord: 2.8ms)


Started GET "/cats/1/edit" for ::1 at 2019-09-03 16:05:22 -0400
Processing by CatsController#edit as HTML
  Parameters: {"id"=>"1"}
  [1m[36mCat Load (1.1ms)[0m  [1m[34mSELECT  "cats".* FROM "cats" WHERE "cats"."id" = $1 LIMIT $2[0m  [["id", 1], ["LIMIT", 1]]
  ↳ app/controllers/cats_controller.rb:27
  Rendering cats/edit.html.erb within layouts/application
  Rendered cats/_form.html.erb (1.3ms)
  Rendered cats/edit.html.erb within layouts/application (3.6ms)
Completed 200 OK in 30ms (Views: 26.8ms | ActiveRecord: 1.1ms)


Started GET "/cats/1" for ::1 at 2019-09-03 16:05:25 -0400
Processing by CatsController#show as HTML
  Parameters: {"id"=>"1"}
  [1m[36mCat Load (1.4ms)[0m  [1m[34mSELECT  "cats".* FROM "cats" WHERE "cats"."id" = $1 LIMIT $2[0m  [["id", 1], ["LIMIT", 1]]
  ↳ app/controllers/cats_controller.rb:8
  Rendering cats/show.html.erb within layouts/application
  Rendered cats/show.html.erb within layouts/application (1.1ms)
Completed 200 OK in 23ms (Views: 19.2ms | ActiveRecord: 1.4ms)


Started GET "/cats/1/edit" for ::1 at 2019-09-03 16:05:31 -0400
Processing by CatsController#edit as HTML
  Parameters: {"id"=>"1"}
  [1m[36mCat Load (0.5ms)[0m  [1m[34mSELECT  "cats".* FROM "cats" WHERE "cats"."id" = $1 LIMIT $2[0m  [["id", 1], ["LIMIT", 1]]
  ↳ app/controllers/cats_controller.rb:27
  Rendering cats/edit.html.erb within layouts/application
  Rendered cats/_form.html.erb (1.0ms)
  Rendered cats/edit.html.erb within layouts/application (2.8ms)
Completed 200 OK in 28ms (Views: 24.9ms | ActiveRecord: 0.5ms)


Started GET "/cats/1" for ::1 at 2019-09-03 16:05:35 -0400
Processing by CatsController#show as HTML
  Parameters: {"id"=>"1"}
  [1m[36mCat Load (0.8ms)[0m  [1m[34mSELECT  "cats".* FROM "cats" WHERE "cats"."id" = $1 LIMIT $2[0m  [["id", 1], ["LIMIT", 1]]
  ↳ app/controllers/cats_controller.rb:8
  Rendering cats/show.html.erb within layouts/application
  Rendered cats/show.html.erb within layouts/application (0.8ms)
Completed 200 OK in 27ms (Views: 24.6ms | ActiveRecord: 0.8ms)


Started GET "/cats/1/edit" for ::1 at 2019-09-03 16:06:00 -0400
Processing by CatsController#edit as HTML
  Parameters: {"id"=>"1"}
  [1m[36mCat Load (0.8ms)[0m  [1m[34mSELECT  "cats".* FROM "cats" WHERE "cats"."id" = $1 LIMIT $2[0m  [["id", 1], ["LIMIT", 1]]
  ↳ app/controllers/cats_controller.rb:27
  Rendering cats/edit.html.erb within layouts/application
  Rendered cats/_form.html.erb (1.8ms)
  Rendered cats/edit.html.erb within layouts/application (5.1ms)
Completed 200 OK in 67ms (Views: 63.6ms | ActiveRecord: 0.8ms)


Started GET "/cats" for ::1 at 2019-09-03 16:10:39 -0400
Processing by CatsController#index as HTML
  Rendering cats/index.html.erb within layouts/application
  [1m[36mCat Load (0.6ms)[0m  [1m[34mSELECT "cats".* FROM "cats"[0m
  ↳ app/views/cats/index.html.erb:3
  Rendered cats/index.html.erb within layouts/application (2.9ms)
Completed 200 OK in 79ms (Views: 77.9ms | ActiveRecord: 0.6ms)


Started GET "/cats" for ::1 at 2019-09-03 16:11:55 -0400
Processing by CatsController#index as HTML
  Rendering cats/index.html.erb within layouts/application
  [1m[36mCat Load (0.5ms)[0m  [1m[34mSELECT "cats".* FROM "cats"[0m
  ↳ app/views/cats/index.html.erb:3
  Rendered cats/index.html.erb within layouts/application (2.3ms)
Completed 200 OK in 24ms (Views: 23.1ms | ActiveRecord: 0.5ms)


Started GET "/cats/new" for ::1 at 2019-09-03 16:11:57 -0400
Processing by CatsController#new as HTML
  Rendering cats/new.html.erb within layouts/application
  Rendered cats/_form.html.erb (44.1ms)
  Rendered cats/new.html.erb within layouts/application (63.1ms)
Completed 500 Internal Server Error in 92ms (ActiveRecord: 0.0ms)



ActionController::UrlGenerationError - No route matches {:action=>"show", :controller=>"cats", :id=>nil}, missing required keys: [:id]:
  app/views/cats/_form.html.erb:2:in `_app_views_cats__form_html_erb___3149253687846535796_70093394780020'
  app/views/cats/new.html.erb:1:in `_app_views_cats_new_html_erb___2933341480239288926_70093394839780'
  app/controllers/cats_controller.rb:14:in `new'

Started POST "/__better_errors/3cf6dca33944d52a/variables" for ::1 at 2019-09-03 16:11:57 -0400
Started POST "/__better_errors/3cf6dca33944d52a/variables" for ::1 at 2019-09-03 16:14:17 -0400
Started POST "/__better_errors/3cf6dca33944d52a/variables" for ::1 at 2019-09-03 16:14:21 -0400
Started GET "/cats" for ::1 at 2019-09-03 16:15:28 -0400
Processing by CatsController#index as HTML
  Rendering cats/index.html.erb within layouts/application
  [1m[36mCat Load (0.7ms)[0m  [1m[34mSELECT "cats".* FROM "cats"[0m
  ↳ app/views/cats/index.html.erb:3
  Rendered cats/index.html.erb within layouts/application (3.4ms)
Completed 200 OK in 60ms (Views: 58.2ms | ActiveRecord: 0.7ms)


Started GET "/cats/new" for ::1 at 2019-09-03 16:15:31 -0400
Processing by CatsController#new as HTML
  Rendering cats/new.html.erb within layouts/application
  Rendered cats/_form.html.erb (6.3ms)
  Rendered cats/new.html.erb within layouts/application (25.1ms)
Completed 500 Internal Server Error in 60ms (ActiveRecord: 0.0ms)



ActionController::UrlGenerationError - No route matches {:action=>"show", :controller=>"cats", :id=>nil}, missing required keys: [:id]:
  app/views/cats/_form.html.erb:2:in `_app_views_cats__form_html_erb___3149253687846535796_70093393786260'
  app/views/cats/new.html.erb:1:in `_app_views_cats_new_html_erb___2933341480239288926_70093393665840'
  app/controllers/cats_controller.rb:14:in `new'

Started POST "/__better_errors/f65ac7b12f9e55a5/variables" for ::1 at 2019-09-03 16:15:31 -0400
Started GET "/cats" for ::1 at 2019-09-03 16:15:53 -0400
  [1m[35m (1.5ms)[0m  [1m[34mSELECT "schema_migrations"."version" FROM "schema_migrations" ORDER BY "schema_migrations"."version" ASC[0m
  ↳ /Users/aa/.rbenv/versions/2.5.1/lib/ruby/gems/2.5.0/gems/activerecord-5.2.3/lib/active_record/log_subscriber.rb:98
Processing by CatsController#index as HTML
  Rendering cats/index.html.erb within layouts/application
  [1m[36mCat Load (1.1ms)[0m  [1m[34mSELECT "cats".* FROM "cats"[0m
  ↳ app/views/cats/index.html.erb:3
  Rendered cats/index.html.erb within layouts/application (22.1ms)
Completed 200 OK in 341ms (Views: 312.6ms | ActiveRecord: 9.0ms)


Started GET "/cats/new" for ::1 at 2019-09-03 16:15:54 -0400
Processing by CatsController#new as HTML
  Rendering cats/new.html.erb within layouts/application
  Rendered cats/_form.html.erb (5.7ms)
  Rendered cats/new.html.erb within layouts/application (8.3ms)
Completed 500 Internal Server Error in 17ms (ActiveRecord: 0.0ms)



ActionController::UrlGenerationError - No route matches {:action=>"show", :controller=>"cats", :id=>nil}, missing required keys: [:id]:
  app/views/cats/_form.html.erb:2:in `_app_views_cats__form_html_erb__1185018783153859742_70276781834400'
  app/views/cats/new.html.erb:1:in `_app_views_cats_new_html_erb__3480432902382309192_70276789599900'
  app/controllers/cats_controller.rb:14:in `new'

Started POST "/__better_errors/559402f90c18be33/variables" for ::1 at 2019-09-03 16:15:55 -0400
Started GET "/cats" for ::1 at 2019-09-03 16:16:01 -0400
Processing by CatsController#index as HTML
  Rendering cats/index.html.erb within layouts/application
  [1m[36mCat Load (0.5ms)[0m  [1m[34mSELECT "cats".* FROM "cats"[0m
  ↳ app/views/cats/index.html.erb:3
  Rendered cats/index.html.erb within layouts/application (3.6ms)
Completed 200 OK in 35ms (Views: 34.1ms | ActiveRecord: 0.5ms)


Started GET "/cats/new" for ::1 at 2019-09-03 16:16:03 -0400
Processing by CatsController#new as HTML
  Rendering cats/new.html.erb within layouts/application
  Rendered cats/_form.html.erb (6.7ms)
  Rendered cats/new.html.erb within layouts/application (10.1ms)
Completed 500 Internal Server Error in 18ms (ActiveRecord: 0.0ms)



ActionController::UrlGenerationError - No route matches {:action=>"show", :controller=>"cats", :id=>nil}, missing required keys: [:id]:
  app/views/cats/_form.html.erb:2:in `_app_views_cats__form_html_erb__1185018783153859742_70276783930280'
  app/views/cats/new.html.erb:1:in `_app_views_cats_new_html_erb__3480432902382309192_70276783857920'
  app/controllers/cats_controller.rb:14:in `new'

Started POST "/__better_errors/7b6d707e572afa4f/variables" for ::1 at 2019-09-03 16:16:03 -0400
Started GET "/cats" for ::1 at 2019-09-03 16:16:16 -0400
Processing by CatsController#index as HTML
  Rendering cats/index.html.erb within layouts/application
  [1m[36mCat Load (0.9ms)[0m  [1m[34mSELECT "cats".* FROM "cats"[0m
  ↳ app/views/cats/index.html.erb:3
  Rendered cats/index.html.erb within layouts/application (4.6ms)
Completed 200 OK in 33ms (Views: 31.6ms | ActiveRecord: 0.9ms)


Started GET "/cats/new" for ::1 at 2019-09-03 16:16:45 -0400
Processing by CatsController#new as HTML
  Rendering cats/new.html.erb within layouts/application
  Rendered cats/_form.html.erb (8.6ms)
  Rendered cats/new.html.erb within layouts/application (25.6ms)
Completed 500 Internal Server Error in 56ms (ActiveRecord: 0.0ms)



ActionController::UrlGenerationError - No route matches {:action=>"show", :controller=>"cats", :id=>nil}, missing required keys: [:id]:
  app/views/cats/_form.html.erb:2:in `_app_views_cats__form_html_erb__1185018783153859742_70276809256660'
  app/views/cats/new.html.erb:1:in `_app_views_cats_new_html_erb__3480432902382309192_70276800609520'
  app/controllers/cats_controller.rb:14:in `new'

Started POST "/__better_errors/e0c95982f30c293e/variables" for ::1 at 2019-09-03 16:16:46 -0400
Started GET "/cats" for ::1 at 2019-09-03 16:18:14 -0400
Processing by CatsController#index as HTML
  Rendering cats/index.html.erb within layouts/application
  [1m[36mCat Load (0.5ms)[0m  [1m[34mSELECT "cats".* FROM "cats"[0m
  ↳ app/views/cats/index.html.erb:3
  Rendered cats/index.html.erb within layouts/application (2.4ms)
Completed 200 OK in 86ms (Views: 85.1ms | ActiveRecord: 0.5ms)


Started GET "/cats/new" for ::1 at 2019-09-03 16:18:15 -0400
Processing by CatsController#new as HTML
  Rendering cats/new.html.erb within layouts/application
  Rendered cats/_form.html.erb (1.0ms)
  Rendered cats/new.html.erb within layouts/application (4.3ms)
Completed 200 OK in 27ms (Views: 26.6ms | ActiveRecord: 0.0ms)


Started POST "/cats" for ::1 at 2019-09-03 16:21:21 -0400
Processing by CatsController#create as HTML
  Parameters: {"cat"=>{"name"=>"Oreo", "sex"=>"F", "color"=>"Red", "birth_date"=>"2006-02-23", "description"=>"Street thug"}}
  [1m[35m (0.2ms)[0m  [1m[35mBEGIN[0m
  ↳ app/controllers/cats_controller.rb:19
  [1m[36mCat Create (30.1ms)[0m  [1m[32mINSERT INTO "cats" ("birth_date", "color", "name", "sex", "description", "created_at", "updated_at") VALUES ($1, $2, $3, $4, $5, $6, $7) RETURNING "id"[0m  [["birth_date", "2006-02-23"], ["color", "Red"], ["name", "Oreo"], ["sex", "F"], ["description", "Street thug"], ["created_at", "2019-09-03 20:21:21.463615"], ["updated_at", "2019-09-03 20:21:21.463615"]]
  ↳ app/controllers/cats_controller.rb:19
  [1m[35m (63.1ms)[0m  [1m[35mCOMMIT[0m
  ↳ app/controllers/cats_controller.rb:19
Redirected to http://localhost:3000/cats/2
Completed 302 Found in 99ms (ActiveRecord: 93.5ms)


Started GET "/cats/2" for ::1 at 2019-09-03 16:21:21 -0400
Processing by CatsController#show as HTML
  Parameters: {"id"=>"2"}
  [1m[36mCat Load (0.4ms)[0m  [1m[34mSELECT  "cats".* FROM "cats" WHERE "cats"."id" = $1 LIMIT $2[0m  [["id", 2], ["LIMIT", 1]]
  ↳ app/controllers/cats_controller.rb:8
  Rendering cats/show.html.erb within layouts/application
  Rendered cats/show.html.erb within layouts/application (1.0ms)
Completed 200 OK in 215ms (Views: 188.2ms | ActiveRecord: 0.7ms)


Started GET "/cats" for ::1 at 2019-09-03 16:21:37 -0400
Processing by CatsController#index as HTML
  Rendering cats/index.html.erb within layouts/application
  [1m[36mCat Load (1.5ms)[0m  [1m[34mSELECT "cats".* FROM "cats"[0m
  ↳ app/views/cats/index.html.erb:3
  Rendered cats/index.html.erb within layouts/application (4.1ms)
Completed 200 OK in 105ms (Views: 102.8ms | ActiveRecord: 1.5ms)


Started GET "/cats/new" for ::1 at 2019-09-03 16:21:39 -0400
Processing by CatsController#new as HTML
  Rendering cats/new.html.erb within layouts/application
  Rendered cats/_form.html.erb (1.1ms)
  Rendered cats/new.html.erb within layouts/application (20.6ms)
Completed 200 OK in 56ms (Views: 55.1ms | ActiveRecord: 0.0ms)


Started GET "/cats/1" for ::1 at 2019-09-03 16:21:44 -0400
Processing by CatsController#show as HTML
  Parameters: {"id"=>"1"}
  [1m[36mCat Load (1.0ms)[0m  [1m[34mSELECT  "cats".* FROM "cats" WHERE "cats"."id" = $1 LIMIT $2[0m  [["id", 1], ["LIMIT", 1]]
  ↳ app/controllers/cats_controller.rb:8
  Rendering cats/show.html.erb within layouts/application
  Rendered cats/show.html.erb within layouts/application (1.1ms)
Completed 200 OK in 43ms (Views: 39.7ms | ActiveRecord: 1.0ms)


Started GET "/cats/1/edit" for ::1 at 2019-09-03 16:21:45 -0400
Processing by CatsController#edit as HTML
  Parameters: {"id"=>"1"}
  [1m[36mCat Load (0.6ms)[0m  [1m[34mSELECT  "cats".* FROM "cats" WHERE "cats"."id" = $1 LIMIT $2[0m  [["id", 1], ["LIMIT", 1]]
  ↳ app/controllers/cats_controller.rb:27
  Rendering cats/edit.html.erb within layouts/application
  Rendered cats/_form.html.erb (1.3ms)
  Rendered cats/edit.html.erb within layouts/application (3.1ms)
Completed 200 OK in 38ms (Views: 35.7ms | ActiveRecord: 0.6ms)


Started PATCH "/cats/1" for ::1 at 2019-09-03 16:22:02 -0400
Processing by CatsController#update as HTML
  Parameters: {"cat"=>{"name"=>"Ryoki", "sex"=>"F", "color"=>"Green", "birth_date"=>"2019-08-06", "description"=>"Respectable cat, great table manners."}, "id"=>"1"}
  [1m[36mCat Load (0.7ms)[0m  [1m[34mSELECT  "cats".* FROM "cats" WHERE "cats"."id" = $1 LIMIT $2[0m  [["id", 1], ["LIMIT", 1]]
  ↳ app/controllers/cats_controller.rb:32
  [1m[35m (0.3ms)[0m  [1m[35mBEGIN[0m
  ↳ app/controllers/cats_controller.rb:33
  [1m[36mCat Update (0.8ms)[0m  [1m[33mUPDATE "cats" SET "description" = $1, "updated_at" = $2 WHERE "cats"."id" = $3[0m  [["description", "Respectable cat, great table manners."], ["updated_at", "2019-09-03 20:22:02.524218"], ["id", 1]]
  ↳ app/controllers/cats_controller.rb:33
  [1m[35m (0.5ms)[0m  [1m[35mCOMMIT[0m
  ↳ app/controllers/cats_controller.rb:33
Redirected to http://localhost:3000/cats/1
Completed 302 Found in 8ms (ActiveRecord: 2.3ms)


Started GET "/cats/1" for ::1 at 2019-09-03 16:22:02 -0400
Processing by CatsController#show as HTML
  Parameters: {"id"=>"1"}
  [1m[36mCat Load (0.6ms)[0m  [1m[34mSELECT  "cats".* FROM "cats" WHERE "cats"."id" = $1 LIMIT $2[0m  [["id", 1], ["LIMIT", 1]]
  ↳ app/controllers/cats_controller.rb:8
  Rendering cats/show.html.erb within layouts/application
  Rendered cats/show.html.erb within layouts/application (0.7ms)
Completed 200 OK in 18ms (Views: 16.1ms | ActiveRecord: 0.6ms)


Started GET "/cats" for ::1 at 2019-09-03 16:22:13 -0400
Processing by CatsController#index as HTML
  Rendering cats/index.html.erb within layouts/application
  [1m[36mCat Load (0.5ms)[0m  [1m[34mSELECT "cats".* FROM "cats"[0m
  ↳ app/views/cats/index.html.erb:3
  Rendered cats/index.html.erb within layouts/application (2.1ms)
Completed 200 OK in 38ms (Views: 37.3ms | ActiveRecord: 0.5ms)


Started GET "/cats/1" for ::1 at 2019-09-03 16:22:44 -0400
Processing by CatsController#show as HTML
  Parameters: {"id"=>"1"}
  [1m[36mCat Load (0.6ms)[0m  [1m[34mSELECT  "cats".* FROM "cats" WHERE "cats"."id" = $1 LIMIT $2[0m  [["id", 1], ["LIMIT", 1]]
  ↳ app/controllers/cats_controller.rb:8
  Rendering cats/show.html.erb within layouts/application
  Rendered cats/show.html.erb within layouts/application (0.7ms)
Completed 200 OK in 19ms (Views: 16.7ms | ActiveRecord: 0.6ms)


Started GET "/cats/1" for ::1 at 2019-09-03 16:22:52 -0400
Processing by CatsController#show as HTML
  Parameters: {"id"=>"1"}
  [1m[36mCat Load (1.1ms)[0m  [1m[34mSELECT  "cats".* FROM "cats" WHERE "cats"."id" = $1 LIMIT $2[0m  [["id", 1], ["LIMIT", 1]]
  ↳ app/controllers/cats_controller.rb:8
  Rendering cats/show.html.erb within layouts/application
  Rendered cats/show.html.erb within layouts/application (1.3ms)
Completed 200 OK in 27ms (Views: 23.5ms | ActiveRecord: 1.1ms)


Started GET "/cats/1" for ::1 at 2019-09-03 16:22:54 -0400
Processing by CatsController#show as HTML
  Parameters: {"id"=>"1"}
  [1m[36mCat Load (0.4ms)[0m  [1m[34mSELECT  "cats".* FROM "cats" WHERE "cats"."id" = $1 LIMIT $2[0m  [["id", 1], ["LIMIT", 1]]
  ↳ app/controllers/cats_controller.rb:8
  Rendering cats/show.html.erb within layouts/application
  Rendered cats/show.html.erb within layouts/application (0.9ms)
Completed 200 OK in 28ms (Views: 26.1ms | ActiveRecord: 0.4ms)


Started GET "/cats" for ::1 at 2019-09-03 16:22:55 -0400
Processing by CatsController#index as HTML
  Rendering cats/index.html.erb within layouts/application
  [1m[36mCat Load (0.5ms)[0m  [1m[34mSELECT "cats".* FROM "cats"[0m
  ↳ app/views/cats/index.html.erb:3
  Rendered cats/index.html.erb within layouts/application (2.0ms)
Completed 200 OK in 33ms (Views: 31.8ms | ActiveRecord: 0.5ms)


Started GET "/cats/new" for ::1 at 2019-09-03 16:22:58 -0400
Processing by CatsController#new as HTML
  Rendering cats/new.html.erb within layouts/application
  Rendered cats/_form.html.erb (1.9ms)
  Rendered cats/new.html.erb within layouts/application (42.6ms)
Completed 200 OK in 87ms (Views: 86.4ms | ActiveRecord: 0.0ms)


Started GET "/cats/new" for ::1 at 2019-09-03 16:23:51 -0400
Processing by CatsController#new as HTML
  Rendering cats/new.html.erb within layouts/application
  Rendered cats/_form.html.erb (1.1ms)
  Rendered cats/new.html.erb within layouts/application (3.0ms)
Completed 200 OK in 22ms (Views: 20.9ms | ActiveRecord: 0.0ms)


Started POST "/cats" for ::1 at 2019-09-03 16:24:33 -0400
Processing by CatsController#create as HTML
  Parameters: {"cat"=>{"name"=>"Garfield", "sex"=>"M", "color"=>"Green", "birth_date"=>"2019-09-04", "description"=>"Loves sandwiches, hates Mondays."}}
  [1m[35m (0.3ms)[0m  [1m[35mBEGIN[0m
  ↳ app/controllers/cats_controller.rb:19
  [1m[36mCat Create (0.6ms)[0m  [1m[32mINSERT INTO "cats" ("birth_date", "color", "name", "sex", "description", "created_at", "updated_at") VALUES ($1, $2, $3, $4, $5, $6, $7) RETURNING "id"[0m  [["birth_date", "2019-09-04"], ["color", "Green"], ["name", "Garfield"], ["sex", "M"], ["description", "Loves sandwiches, hates Mondays."], ["created_at", "2019-09-03 20:24:33.571039"], ["updated_at", "2019-09-03 20:24:33.571039"]]
  ↳ app/controllers/cats_controller.rb:19
  [1m[35m (36.7ms)[0m  [1m[35mCOMMIT[0m
  ↳ app/controllers/cats_controller.rb:19
Redirected to http://localhost:3000/cats/3
Completed 302 Found in 42ms (ActiveRecord: 37.5ms)


Started GET "/cats/3" for ::1 at 2019-09-03 16:24:33 -0400
Processing by CatsController#show as HTML
  Parameters: {"id"=>"3"}
  [1m[36mCat Load (0.4ms)[0m  [1m[34mSELECT  "cats".* FROM "cats" WHERE "cats"."id" = $1 LIMIT $2[0m  [["id", 3], ["LIMIT", 1]]
  ↳ app/controllers/cats_controller.rb:8
  Rendering cats/show.html.erb within layouts/application
  Rendered cats/show.html.erb within layouts/application (0.8ms)
Completed 200 OK in 74ms (Views: 72.2ms | ActiveRecord: 0.4ms)


Started GET "/cats" for ::1 at 2019-09-03 16:24:36 -0400
Processing by CatsController#index as HTML
  Rendering cats/index.html.erb within layouts/application
  [1m[36mCat Load (0.7ms)[0m  [1m[34mSELECT "cats".* FROM "cats"[0m
  ↳ app/views/cats/index.html.erb:3
  Rendered cats/index.html.erb within layouts/application (3.3ms)
Completed 200 OK in 48ms (Views: 46.5ms | ActiveRecord: 0.7ms)


